{"C:\\Users\\user\\OneDrive\\Desktop\\Api-Shield\\backend\\src\\app.js": {"path":"C:\\Users\\user\\OneDrive\\Desktop\\Api-Shield\\backend\\src\\app.js","statementMap":{"0":{"start":{"line":1,"column":0},"end":{"line":1,"column":27}},"1":{"start":{"line":2,"column":13},"end":{"line":2,"column":28}},"2":{"start":{"line":3,"column":16},"end":{"line":3,"column":34}},"3":{"start":{"line":5,"column":12},"end":{"line":5,"column":21}},"4":{"start":{"line":7,"column":19},"end":{"line":7,"column":44}},"5":{"start":{"line":8,"column":22},"end":{"line":8,"column":50}},"6":{"start":{"line":9,"column":21},"end":{"line":9,"column":48}},"7":{"start":{"line":10,"column":22},"end":{"line":10,"column":50}},"8":{"start":{"line":11,"column":25},"end":{"line":11,"column":56}},"9":{"start":{"line":13,"column":35},"end":{"line":13,"column":64}},"10":{"start":{"line":14,"column":21},"end":{"line":14,"column":58}},"11":{"start":{"line":16,"column":0},"end":{"line":16,"column":24}},"12":{"start":{"line":18,"column":0},"end":{"line":25,"column":2}},"13":{"start":{"line":27,"column":0},"end":{"line":32,"column":3}},"14":{"start":{"line":28,"column":2},"end":{"line":31,"column":5}},"15":{"start":{"line":34,"column":0},"end":{"line":34,"column":33}},"16":{"start":{"line":35,"column":0},"end":{"line":35,"column":64}},"17":{"start":{"line":36,"column":0},"end":{"line":36,"column":62}},"18":{"start":{"line":37,"column":0},"end":{"line":37,"column":39}},"19":{"start":{"line":38,"column":0},"end":{"line":38,"column":68}},"20":{"start":{"line":40,"column":0},"end":{"line":40,"column":22}},"21":{"start":{"line":42,"column":0},"end":{"line":42,"column":21}}},"fnMap":{"0":{"name":"(anonymous_0)","decl":{"start":{"line":27,"column":13},"end":{"line":27,"column":14}},"loc":{"start":{"line":27,"column":27},"end":{"line":32,"column":1}},"line":27}},"branchMap":{},"s":{"0":5,"1":5,"2":5,"3":5,"4":5,"5":5,"6":5,"7":5,"8":5,"9":5,"10":5,"11":5,"12":5,"13":5,"14":1,"15":5,"16":5,"17":5,"18":5,"19":5,"20":5,"21":5},"f":{"0":1},"b":{},"_coverageSchema":"1a1c01bbd47fc00a2c39e90264f33305004495a9","hash":"62ea132d9df9304d83bfd9d59120e6af51d9b144"}
,"C:\\Users\\user\\OneDrive\\Desktop\\Api-Shield\\backend\\src\\config\\redis.js": {"path":"C:\\Users\\user\\OneDrive\\Desktop\\Api-Shield\\backend\\src\\config\\redis.js","statementMap":{"0":{"start":{"line":1,"column":25},"end":{"line":1,"column":41}},"1":{"start":{"line":2,"column":20},"end":{"line":4,"column":2}},"2":{"start":{"line":6,"column":0},"end":{"line":8,"column":3}},"3":{"start":{"line":7,"column":2},"end":{"line":7,"column":37}},"4":{"start":{"line":10,"column":0},"end":{"line":10,"column":29}}},"fnMap":{"0":{"name":"(anonymous_0)","decl":{"start":{"line":6,"column":24},"end":{"line":6,"column":25}},"loc":{"start":{"line":6,"column":33},"end":{"line":8,"column":1}},"line":6}},"branchMap":{},"s":{"0":4,"1":4,"2":4,"3":0,"4":4},"f":{"0":0},"b":{},"_coverageSchema":"1a1c01bbd47fc00a2c39e90264f33305004495a9","hash":"d2175321f34c7cc9bb4afb13e1ceae0f66f6a3d3"}
,"C:\\Users\\user\\OneDrive\\Desktop\\Api-Shield\\backend\\src\\controllers\\apiKey.js": {"path":"C:\\Users\\user\\OneDrive\\Desktop\\Api-Shield\\backend\\src\\controllers\\apiKey.js","statementMap":{"0":{"start":{"line":1,"column":15},"end":{"line":1,"column":42}},"1":{"start":{"line":2,"column":16},"end":{"line":2,"column":44}},"2":{"start":{"line":4,"column":15},"end":{"line":4,"column":23}},"3":{"start":{"line":5,"column":20},"end":{"line":5,"column":40}},"4":{"start":{"line":6,"column":18},"end":{"line":6,"column":51}},"5":{"start":{"line":7,"column":2},"end":{"line":11,"column":3}},"6":{"start":{"line":8,"column":18},"end":{"line":8,"column":48}},"7":{"start":{"line":9,"column":4},"end":{"line":9,"column":27}},"8":{"start":{"line":10,"column":4},"end":{"line":10,"column":23}},"9":{"start":{"line":12,"column":2},"end":{"line":16,"column":3}},"10":{"start":{"line":13,"column":18},"end":{"line":13,"column":59}},"11":{"start":{"line":14,"column":4},"end":{"line":14,"column":27}},"12":{"start":{"line":15,"column":4},"end":{"line":15,"column":23}},"13":{"start":{"line":17,"column":17},"end":{"line":20,"column":4}},"14":{"start":{"line":21,"column":2},"end":{"line":21,"column":38}},"15":{"start":{"line":24,"column":20},"end":{"line":24,"column":62}},"16":{"start":{"line":25,"column":2},"end":{"line":25,"column":29}},"17":{"start":{"line":28,"column":15},"end":{"line":28,"column":23}},"18":{"start":{"line":29,"column":13},"end":{"line":29,"column":26}},"19":{"start":{"line":30,"column":17},"end":{"line":30,"column":42}},"20":{"start":{"line":31,"column":2},"end":{"line":35,"column":3}},"21":{"start":{"line":32,"column":18},"end":{"line":32,"column":49}},"22":{"start":{"line":33,"column":4},"end":{"line":33,"column":27}},"23":{"start":{"line":34,"column":4},"end":{"line":34,"column":23}},"24":{"start":{"line":36,"column":2},"end":{"line":40,"column":3}},"25":{"start":{"line":37,"column":18},"end":{"line":37,"column":59}},"26":{"start":{"line":38,"column":4},"end":{"line":38,"column":27}},"27":{"start":{"line":39,"column":4},"end":{"line":39,"column":23}},"28":{"start":{"line":41,"column":2},"end":{"line":41,"column":37}},"29":{"start":{"line":42,"column":2},"end":{"line":42,"column":74}},"30":{"start":{"line":45,"column":0},"end":{"line":49,"column":2}}},"fnMap":{"0":{"name":"createApiKey","decl":{"start":{"line":3,"column":15},"end":{"line":3,"column":27}},"loc":{"start":{"line":3,"column":44},"end":{"line":22,"column":1}},"line":3},"1":{"name":"getMyApiKeys","decl":{"start":{"line":23,"column":15},"end":{"line":23,"column":27}},"loc":{"start":{"line":23,"column":38},"end":{"line":26,"column":1}},"line":23},"2":{"name":"deleteApiKey","decl":{"start":{"line":27,"column":15},"end":{"line":27,"column":27}},"loc":{"start":{"line":27,"column":44},"end":{"line":43,"column":1}},"line":27}},"branchMap":{"0":{"loc":{"start":{"line":7,"column":2},"end":{"line":11,"column":3}},"type":"if","locations":[{"start":{"line":7,"column":2},"end":{"line":11,"column":3}},{"start":{},"end":{}}],"line":7},"1":{"loc":{"start":{"line":12,"column":2},"end":{"line":16,"column":3}},"type":"if","locations":[{"start":{"line":12,"column":2},"end":{"line":16,"column":3}},{"start":{},"end":{}}],"line":12},"2":{"loc":{"start":{"line":31,"column":2},"end":{"line":35,"column":3}},"type":"if","locations":[{"start":{"line":31,"column":2},"end":{"line":35,"column":3}},{"start":{},"end":{}}],"line":31},"3":{"loc":{"start":{"line":36,"column":2},"end":{"line":40,"column":3}},"type":"if","locations":[{"start":{"line":36,"column":2},"end":{"line":40,"column":3}},{"start":{},"end":{}}],"line":36}},"s":{"0":5,"1":5,"2":7,"3":7,"4":7,"5":7,"6":1,"7":1,"8":1,"9":6,"10":1,"11":1,"12":1,"13":5,"14":5,"15":1,"16":1,"17":3,"18":3,"19":3,"20":3,"21":1,"22":1,"23":1,"24":2,"25":1,"26":1,"27":1,"28":1,"29":1,"30":5},"f":{"0":7,"1":1,"2":3},"b":{"0":[1,6],"1":[1,5],"2":[1,2],"3":[1,1]},"_coverageSchema":"1a1c01bbd47fc00a2c39e90264f33305004495a9","hash":"3fd6ee4bf56cd8af319191e9fc7555882e9e203e"}
,"C:\\Users\\user\\OneDrive\\Desktop\\Api-Shield\\backend\\src\\controllers\\auth.js": {"path":"C:\\Users\\user\\OneDrive\\Desktop\\Api-Shield\\backend\\src\\controllers\\auth.js","statementMap":{"0":{"start":{"line":1,"column":13},"end":{"line":1,"column":39}},"1":{"start":{"line":2,"column":20},"end":{"line":2,"column":46}},"2":{"start":{"line":5,"column":36},"end":{"line":5,"column":44}},"3":{"start":{"line":6,"column":23},"end":{"line":6,"column":52}},"4":{"start":{"line":7,"column":2},"end":{"line":11,"column":3}},"5":{"start":{"line":8,"column":18},"end":{"line":8,"column":50}},"6":{"start":{"line":9,"column":4},"end":{"line":9,"column":27}},"7":{"start":{"line":10,"column":4},"end":{"line":10,"column":23}},"8":{"start":{"line":12,"column":15},"end":{"line":16,"column":4}},"9":{"start":{"line":17,"column":16},"end":{"line":17,"column":29}},"10":{"start":{"line":18,"column":2},"end":{"line":20,"column":5}},"11":{"start":{"line":23,"column":30},"end":{"line":23,"column":38}},"12":{"start":{"line":24,"column":15},"end":{"line":24,"column":44}},"13":{"start":{"line":25,"column":2},"end":{"line":29,"column":3}},"14":{"start":{"line":26,"column":18},"end":{"line":26,"column":50}},"15":{"start":{"line":27,"column":4},"end":{"line":27,"column":27}},"16":{"start":{"line":28,"column":4},"end":{"line":28,"column":23}},"17":{"start":{"line":30,"column":18},"end":{"line":30,"column":52}},"18":{"start":{"line":31,"column":2},"end":{"line":35,"column":3}},"19":{"start":{"line":32,"column":18},"end":{"line":32,"column":50}},"20":{"start":{"line":33,"column":4},"end":{"line":33,"column":27}},"21":{"start":{"line":34,"column":4},"end":{"line":34,"column":23}},"22":{"start":{"line":36,"column":16},"end":{"line":36,"column":29}},"23":{"start":{"line":37,"column":2},"end":{"line":39,"column":5}},"24":{"start":{"line":42,"column":2},"end":{"line":44,"column":5}},"25":{"start":{"line":47,"column":2},"end":{"line":47,"column":38}},"26":{"start":{"line":50,"column":0},"end":{"line":55,"column":2}}},"fnMap":{"0":{"name":"signupUser","decl":{"start":{"line":4,"column":15},"end":{"line":4,"column":25}},"loc":{"start":{"line":4,"column":42},"end":{"line":21,"column":1}},"line":4},"1":{"name":"loginUser","decl":{"start":{"line":22,"column":15},"end":{"line":22,"column":24}},"loc":{"start":{"line":22,"column":41},"end":{"line":40,"column":1}},"line":22},"2":{"name":"logoutUser","decl":{"start":{"line":41,"column":9},"end":{"line":41,"column":19}},"loc":{"start":{"line":41,"column":30},"end":{"line":45,"column":1}},"line":41},"3":{"name":"getCurrentUser","decl":{"start":{"line":46,"column":9},"end":{"line":46,"column":23}},"loc":{"start":{"line":46,"column":34},"end":{"line":48,"column":1}},"line":46}},"branchMap":{"0":{"loc":{"start":{"line":7,"column":2},"end":{"line":11,"column":3}},"type":"if","locations":[{"start":{"line":7,"column":2},"end":{"line":11,"column":3}},{"start":{},"end":{}}],"line":7},"1":{"loc":{"start":{"line":25,"column":2},"end":{"line":29,"column":3}},"type":"if","locations":[{"start":{"line":25,"column":2},"end":{"line":29,"column":3}},{"start":{},"end":{}}],"line":25},"2":{"loc":{"start":{"line":31,"column":2},"end":{"line":35,"column":3}},"type":"if","locations":[{"start":{"line":31,"column":2},"end":{"line":35,"column":3}},{"start":{},"end":{}}],"line":31}},"s":{"0":5,"1":5,"2":41,"3":41,"4":41,"5":1,"6":1,"7":1,"8":40,"9":40,"10":40,"11":39,"12":39,"13":39,"14":1,"15":1,"16":1,"17":38,"18":38,"19":1,"20":1,"21":1,"22":37,"23":37,"24":0,"25":1,"26":5},"f":{"0":41,"1":39,"2":0,"3":1},"b":{"0":[1,40],"1":[1,38],"2":[1,37]},"_coverageSchema":"1a1c01bbd47fc00a2c39e90264f33305004495a9","hash":"6b0a9b5dd94cddc844133c9ebe5d2354861c7897"}
,"C:\\Users\\user\\OneDrive\\Desktop\\Api-Shield\\backend\\src\\controllers\\gateway.js": {"path":"C:\\Users\\user\\OneDrive\\Desktop\\Api-Shield\\backend\\src\\controllers\\gateway.js","statementMap":{"0":{"start":{"line":1,"column":19},"end":{"line":1,"column":50}},"1":{"start":{"line":2,"column":16},"end":{"line":2,"column":44}},"2":{"start":{"line":3,"column":14},"end":{"line":3,"column":30}},"3":{"start":{"line":4,"column":20},"end":{"line":4,"column":46}},"4":{"start":{"line":6,"column":2},"end":{"line":17,"column":5}},"5":{"start":{"line":16,"column":26},"end":{"line":16,"column":30}},"6":{"start":{"line":20,"column":17},"end":{"line":20,"column":27}},"7":{"start":{"line":21,"column":15},"end":{"line":21,"column":30}},"8":{"start":{"line":22,"column":18},"end":{"line":22,"column":49}},"9":{"start":{"line":23,"column":2},"end":{"line":27,"column":3}},"10":{"start":{"line":24,"column":18},"end":{"line":24,"column":54}},"11":{"start":{"line":25,"column":4},"end":{"line":25,"column":27}},"12":{"start":{"line":26,"column":4},"end":{"line":26,"column":23}},"13":{"start":{"line":28,"column":2},"end":{"line":32,"column":3}},"14":{"start":{"line":29,"column":18},"end":{"line":29,"column":59}},"15":{"start":{"line":30,"column":4},"end":{"line":30,"column":27}},"16":{"start":{"line":31,"column":4},"end":{"line":31,"column":23}},"17":{"start":{"line":33,"column":27},"end":{"line":35,"column":3}},"18":{"start":{"line":34,"column":18},"end":{"line":34,"column":53}},"19":{"start":{"line":36,"column":2},"end":{"line":40,"column":3}},"20":{"start":{"line":37,"column":18},"end":{"line":37,"column":61}},"21":{"start":{"line":38,"column":4},"end":{"line":38,"column":27}},"22":{"start":{"line":39,"column":4},"end":{"line":39,"column":23}},"23":{"start":{"line":41,"column":19},"end":{"line":41,"column":38}},"24":{"start":{"line":42,"column":14},"end":{"line":42,"column":60}},"25":{"start":{"line":43,"column":2},"end":{"line":43,"column":35}},"26":{"start":{"line":44,"column":27},"end":{"line":44,"column":50}},"27":{"start":{"line":45,"column":2},"end":{"line":45,"column":73}},"28":{"start":{"line":46,"column":24},"end":{"line":46,"column":78}},"29":{"start":{"line":47,"column":21},"end":{"line":47,"column":68}},"30":{"start":{"line":48,"column":16},"end":{"line":48,"column":26}},"31":{"start":{"line":49,"column":25},"end":{"line":49,"column":43}},"32":{"start":{"line":50,"column":2},"end":{"line":50,"column":29}},"33":{"start":{"line":51,"column":2},"end":{"line":51,"column":38}},"34":{"start":{"line":52,"column":2},"end":{"line":52,"column":37}},"35":{"start":{"line":53,"column":2},"end":{"line":53,"column":42}},"36":{"start":{"line":54,"column":2},"end":{"line":134,"column":3}},"37":{"start":{"line":55,"column":21},"end":{"line":60,"column":5}},"38":{"start":{"line":61,"column":25},"end":{"line":61,"column":43}},"39":{"start":{"line":62,"column":4},"end":{"line":70,"column":7}},"40":{"start":{"line":71,"column":4},"end":{"line":71,"column":59}},"41":{"start":{"line":73,"column":4},"end":{"line":132,"column":5}},"42":{"start":{"line":74,"column":6},"end":{"line":74,"column":50}},"43":{"start":{"line":75,"column":6},"end":{"line":75,"column":48}},"44":{"start":{"line":76,"column":6},"end":{"line":76,"column":27}},"45":{"start":{"line":78,"column":6},"end":{"line":131,"column":7}},"46":{"start":{"line":79,"column":8},"end":{"line":82,"column":10}},"47":{"start":{"line":81,"column":12},"end":{"line":81,"column":71}},"48":{"start":{"line":83,"column":8},"end":{"line":87,"column":9}},"49":{"start":{"line":84,"column":24},"end":{"line":84,"column":67}},"50":{"start":{"line":85,"column":10},"end":{"line":85,"column":33}},"51":{"start":{"line":86,"column":10},"end":{"line":86,"column":29}},"52":{"start":{"line":88,"column":8},"end":{"line":88,"column":42}},"53":{"start":{"line":89,"column":8},"end":{"line":89,"column":71}},"54":{"start":{"line":90,"column":25},"end":{"line":95,"column":9}},"55":{"start":{"line":96,"column":29},"end":{"line":96,"column":47}},"56":{"start":{"line":97,"column":8},"end":{"line":105,"column":11}},"57":{"start":{"line":106,"column":8},"end":{"line":106,"column":63}},"58":{"start":{"line":108,"column":8},"end":{"line":112,"column":9}},"59":{"start":{"line":109,"column":10},"end":{"line":109,"column":51}},"60":{"start":{"line":110,"column":10},"end":{"line":110,"column":49}},"61":{"start":{"line":111,"column":10},"end":{"line":111,"column":31}},"62":{"start":{"line":113,"column":29},"end":{"line":113,"column":47}},"63":{"start":{"line":114,"column":8},"end":{"line":122,"column":11}},"64":{"start":{"line":123,"column":8},"end":{"line":127,"column":9}},"65":{"start":{"line":124,"column":10},"end":{"line":126,"column":44}},"66":{"start":{"line":128,"column":22},"end":{"line":128,"column":65}},"67":{"start":{"line":129,"column":8},"end":{"line":129,"column":31}},"68":{"start":{"line":130,"column":8},"end":{"line":130,"column":27}},"69":{"start":{"line":133,"column":4},"end":{"line":133,"column":71}},"70":{"start":{"line":136,"column":0},"end":{"line":136,"column":31}}},"fnMap":{"0":{"name":"forwardRequest","decl":{"start":{"line":5,"column":15},"end":{"line":5,"column":29}},"loc":{"start":{"line":5,"column":72},"end":{"line":18,"column":1}},"line":5},"1":{"name":"(anonymous_1)","decl":{"start":{"line":16,"column":20},"end":{"line":16,"column":21}},"loc":{"start":{"line":16,"column":26},"end":{"line":16,"column":30}},"line":16},"2":{"name":"handleRequest","decl":{"start":{"line":19,"column":15},"end":{"line":19,"column":28}},"loc":{"start":{"line":19,"column":45},"end":{"line":135,"column":1}},"line":19},"3":{"name":"(anonymous_3)","decl":{"start":{"line":34,"column":4},"end":{"line":34,"column":5}},"loc":{"start":{"line":34,"column":18},"end":{"line":34,"column":53}},"line":34},"4":{"name":"(anonymous_4)","decl":{"start":{"line":80,"column":10},"end":{"line":80,"column":11}},"loc":{"start":{"line":81,"column":12},"end":{"line":81,"column":71}},"line":81}},"branchMap":{"0":{"loc":{"start":{"line":23,"column":2},"end":{"line":27,"column":3}},"type":"if","locations":[{"start":{"line":23,"column":2},"end":{"line":27,"column":3}},{"start":{},"end":{}}],"line":23},"1":{"loc":{"start":{"line":28,"column":2},"end":{"line":32,"column":3}},"type":"if","locations":[{"start":{"line":28,"column":2},"end":{"line":32,"column":3}},{"start":{},"end":{}}],"line":28},"2":{"loc":{"start":{"line":36,"column":2},"end":{"line":40,"column":3}},"type":"if","locations":[{"start":{"line":36,"column":2},"end":{"line":40,"column":3}},{"start":{},"end":{}}],"line":36},"3":{"loc":{"start":{"line":42,"column":21},"end":{"line":42,"column":59}},"type":"binary-expr","locations":[{"start":{"line":42,"column":22},"end":{"line":42,"column":53}},{"start":{"line":42,"column":58},"end":{"line":42,"column":59}}],"line":42},"4":{"loc":{"start":{"line":46,"column":24},"end":{"line":46,"column":78}},"type":"cond-expr","locations":[{"start":{"line":46,"column":42},"end":{"line":46,"column":73}},{"start":{"line":46,"column":76},"end":{"line":46,"column":78}}],"line":46},"5":{"loc":{"start":{"line":73,"column":4},"end":{"line":132,"column":5}},"type":"if","locations":[{"start":{"line":73,"column":4},"end":{"line":132,"column":5}},{"start":{},"end":{}}],"line":73},"6":{"loc":{"start":{"line":83,"column":8},"end":{"line":87,"column":9}},"type":"if","locations":[{"start":{"line":83,"column":8},"end":{"line":87,"column":9}},{"start":{},"end":{}}],"line":83},"7":{"loc":{"start":{"line":108,"column":8},"end":{"line":112,"column":9}},"type":"if","locations":[{"start":{"line":108,"column":8},"end":{"line":112,"column":9}},{"start":{},"end":{}}],"line":108},"8":{"loc":{"start":{"line":118,"column":22},"end":{"line":118,"column":56}},"type":"binary-expr","locations":[{"start":{"line":118,"column":22},"end":{"line":118,"column":49}},{"start":{"line":118,"column":53},"end":{"line":118,"column":56}}],"line":118},"9":{"loc":{"start":{"line":123,"column":8},"end":{"line":127,"column":9}},"type":"if","locations":[{"start":{"line":123,"column":8},"end":{"line":127,"column":9}},{"start":{},"end":{}}],"line":123}},"s":{"0":5,"1":5,"2":5,"3":5,"4":1,"5":0,"6":1,"7":1,"8":1,"9":1,"10":0,"11":0,"12":0,"13":1,"14":0,"15":0,"16":0,"17":1,"18":2,"19":1,"20":0,"21":0,"22":0,"23":1,"24":1,"25":1,"26":1,"27":1,"28":1,"29":1,"30":1,"31":1,"32":1,"33":1,"34":1,"35":1,"36":1,"37":1,"38":1,"39":1,"40":1,"41":0,"42":0,"43":0,"44":0,"45":0,"46":0,"47":0,"48":0,"49":0,"50":0,"51":0,"52":0,"53":0,"54":0,"55":0,"56":0,"57":0,"58":0,"59":0,"60":0,"61":0,"62":0,"63":0,"64":0,"65":0,"66":0,"67":0,"68":0,"69":0,"70":5},"f":{"0":1,"1":0,"2":1,"3":2,"4":0},"b":{"0":[0,1],"1":[0,1],"2":[0,1],"3":[1,0],"4":[0,1],"5":[0,0],"6":[0,0],"7":[0,0],"8":[0,0],"9":[0,0]},"_coverageSchema":"1a1c01bbd47fc00a2c39e90264f33305004495a9","hash":"6c1febcc270b5a981a9f02e38ab64bac39294b79"}
,"C:\\Users\\user\\OneDrive\\Desktop\\Api-Shield\\backend\\src\\controllers\\requestLog.js": {"path":"C:\\Users\\user\\OneDrive\\Desktop\\Api-Shield\\backend\\src\\controllers\\requestLog.js","statementMap":{"0":{"start":{"line":1,"column":17},"end":{"line":1,"column":36}},"1":{"start":{"line":2,"column":19},"end":{"line":2,"column":50}},"2":{"start":{"line":4,"column":20},"end":{"line":4,"column":40}},"3":{"start":{"line":5,"column":2},"end":{"line":9,"column":3}},"4":{"start":{"line":6,"column":18},"end":{"line":6,"column":54}},"5":{"start":{"line":7,"column":4},"end":{"line":7,"column":27}},"6":{"start":{"line":8,"column":4},"end":{"line":8,"column":23}},"7":{"start":{"line":10,"column":2},"end":{"line":14,"column":3}},"8":{"start":{"line":11,"column":18},"end":{"line":11,"column":49}},"9":{"start":{"line":12,"column":4},"end":{"line":12,"column":27}},"10":{"start":{"line":13,"column":4},"end":{"line":13,"column":23}},"11":{"start":{"line":15,"column":22},"end":{"line":17,"column":4}},"12":{"start":{"line":18,"column":2},"end":{"line":18,"column":43}},"13":{"start":{"line":22,"column":20},"end":{"line":22,"column":40}},"14":{"start":{"line":23,"column":2},"end":{"line":27,"column":3}},"15":{"start":{"line":24,"column":18},"end":{"line":24,"column":54}},"16":{"start":{"line":25,"column":4},"end":{"line":25,"column":27}},"17":{"start":{"line":26,"column":4},"end":{"line":26,"column":23}},"18":{"start":{"line":28,"column":2},"end":{"line":32,"column":3}},"19":{"start":{"line":29,"column":18},"end":{"line":29,"column":49}},"20":{"start":{"line":30,"column":4},"end":{"line":30,"column":27}},"21":{"start":{"line":31,"column":4},"end":{"line":31,"column":23}},"22":{"start":{"line":33,"column":26},"end":{"line":33,"column":64}},"23":{"start":{"line":34,"column":17},"end":{"line":69,"column":4}},"24":{"start":{"line":70,"column":24},"end":{"line":104,"column":4}},"25":{"start":{"line":105,"column":20},"end":{"line":111,"column":5}},"26":{"start":{"line":105,"column":53},"end":{"line":111,"column":3}},"27":{"start":{"line":112,"column":2},"end":{"line":120,"column":3}},"28":{"start":{"line":113,"column":4},"end":{"line":119,"column":7}},"29":{"start":{"line":121,"column":16},"end":{"line":121,"column":25}},"30":{"start":{"line":122,"column":25},"end":{"line":122,"column":68}},"31":{"start":{"line":123,"column":2},"end":{"line":129,"column":5}},"32":{"start":{"line":132,"column":0},"end":{"line":135,"column":2}}},"fnMap":{"0":{"name":"getRequestLogsById","decl":{"start":{"line":3,"column":15},"end":{"line":3,"column":33}},"loc":{"start":{"line":3,"column":50},"end":{"line":19,"column":1}},"line":3},"1":{"name":"getSummaryOfRequestLog","decl":{"start":{"line":21,"column":15},"end":{"line":21,"column":37}},"loc":{"start":{"line":21,"column":54},"end":{"line":130,"column":1}},"line":21},"2":{"name":"(anonymous_2)","decl":{"start":{"line":105,"column":38},"end":{"line":105,"column":39}},"loc":{"start":{"line":105,"column":53},"end":{"line":111,"column":3}},"line":105}},"branchMap":{"0":{"loc":{"start":{"line":5,"column":2},"end":{"line":9,"column":3}},"type":"if","locations":[{"start":{"line":5,"column":2},"end":{"line":9,"column":3}},{"start":{},"end":{}}],"line":5},"1":{"loc":{"start":{"line":10,"column":2},"end":{"line":14,"column":3}},"type":"if","locations":[{"start":{"line":10,"column":2},"end":{"line":14,"column":3}},{"start":{},"end":{}}],"line":10},"2":{"loc":{"start":{"line":23,"column":2},"end":{"line":27,"column":3}},"type":"if","locations":[{"start":{"line":23,"column":2},"end":{"line":27,"column":3}},{"start":{},"end":{}}],"line":23},"3":{"loc":{"start":{"line":28,"column":2},"end":{"line":32,"column":3}},"type":"if","locations":[{"start":{"line":28,"column":2},"end":{"line":32,"column":3}},{"start":{},"end":{}}],"line":28},"4":{"loc":{"start":{"line":112,"column":2},"end":{"line":120,"column":3}},"type":"if","locations":[{"start":{"line":112,"column":2},"end":{"line":120,"column":3}},{"start":{},"end":{}}],"line":112}},"s":{"0":5,"1":5,"2":1,"3":1,"4":0,"5":0,"6":0,"7":1,"8":0,"9":0,"10":0,"11":1,"12":1,"13":2,"14":2,"15":0,"16":0,"17":0,"18":2,"19":0,"20":0,"21":0,"22":2,"23":2,"24":2,"25":2,"26":2,"27":2,"28":1,"29":1,"30":1,"31":1,"32":5},"f":{"0":1,"1":2,"2":2},"b":{"0":[0,1],"1":[0,1],"2":[0,2],"3":[0,2],"4":[1,1]},"_coverageSchema":"1a1c01bbd47fc00a2c39e90264f33305004495a9","hash":"d2be715c4bd1a4d590384fd0feb251cbbfadf0c8"}
,"C:\\Users\\user\\OneDrive\\Desktop\\Api-Shield\\backend\\src\\controllers\\service.js": {"path":"C:\\Users\\user\\OneDrive\\Desktop\\Api-Shield\\backend\\src\\controllers\\service.js","statementMap":{"0":{"start":{"line":1,"column":16},"end":{"line":1,"column":44}},"1":{"start":{"line":2,"column":14},"end":{"line":2,"column":30}},"2":{"start":{"line":3,"column":15},"end":{"line":3,"column":32}},"3":{"start":{"line":4,"column":27},"end":{"line":4,"column":68}},"4":{"start":{"line":6,"column":28},"end":{"line":6,"column":36}},"5":{"start":{"line":7,"column":2},"end":{"line":11,"column":3}},"6":{"start":{"line":8,"column":18},"end":{"line":8,"column":56}},"7":{"start":{"line":9,"column":4},"end":{"line":9,"column":27}},"8":{"start":{"line":10,"column":4},"end":{"line":10,"column":23}},"9":{"start":{"line":12,"column":21},"end":{"line":12,"column":48}},"10":{"start":{"line":13,"column":2},"end":{"line":17,"column":3}},"11":{"start":{"line":14,"column":18},"end":{"line":14,"column":47}},"12":{"start":{"line":15,"column":4},"end":{"line":15,"column":27}},"13":{"start":{"line":16,"column":4},"end":{"line":16,"column":23}},"14":{"start":{"line":18,"column":15},"end":{"line":18,"column":23}},"15":{"start":{"line":19,"column":18},"end":{"line":28,"column":4}},"16":{"start":{"line":29,"column":2},"end":{"line":33,"column":5}},"17":{"start":{"line":36,"column":22},"end":{"line":36,"column":69}},"18":{"start":{"line":37,"column":2},"end":{"line":37,"column":31}},"19":{"start":{"line":40,"column":13},"end":{"line":40,"column":26}},"20":{"start":{"line":41,"column":2},"end":{"line":45,"column":3}},"21":{"start":{"line":42,"column":18},"end":{"line":42,"column":42}},"22":{"start":{"line":43,"column":4},"end":{"line":43,"column":27}},"23":{"start":{"line":44,"column":4},"end":{"line":44,"column":23}},"24":{"start":{"line":46,"column":18},"end":{"line":46,"column":69}},"25":{"start":{"line":47,"column":2},"end":{"line":51,"column":3}},"26":{"start":{"line":48,"column":18},"end":{"line":48,"column":54}},"27":{"start":{"line":49,"column":4},"end":{"line":49,"column":27}},"28":{"start":{"line":50,"column":4},"end":{"line":50,"column":23}},"29":{"start":{"line":52,"column":2},"end":{"line":52,"column":39}},"30":{"start":{"line":55,"column":13},"end":{"line":55,"column":26}},"31":{"start":{"line":56,"column":15},"end":{"line":56,"column":23}},"32":{"start":{"line":57,"column":2},"end":{"line":61,"column":3}},"33":{"start":{"line":58,"column":18},"end":{"line":58,"column":42}},"34":{"start":{"line":59,"column":4},"end":{"line":59,"column":27}},"35":{"start":{"line":60,"column":4},"end":{"line":60,"column":23}},"36":{"start":{"line":62,"column":18},"end":{"line":62,"column":44}},"37":{"start":{"line":63,"column":2},"end":{"line":67,"column":3}},"38":{"start":{"line":64,"column":18},"end":{"line":64,"column":49}},"39":{"start":{"line":65,"column":4},"end":{"line":65,"column":27}},"40":{"start":{"line":66,"column":4},"end":{"line":66,"column":23}},"41":{"start":{"line":68,"column":2},"end":{"line":72,"column":3}},"42":{"start":{"line":69,"column":18},"end":{"line":69,"column":59}},"43":{"start":{"line":70,"column":4},"end":{"line":70,"column":27}},"44":{"start":{"line":71,"column":4},"end":{"line":71,"column":23}},"45":{"start":{"line":73,"column":2},"end":{"line":73,"column":38}},"46":{"start":{"line":74,"column":2},"end":{"line":74,"column":43}},"47":{"start":{"line":77,"column":16},"end":{"line":77,"column":28}},"48":{"start":{"line":78,"column":19},"end":{"line":78,"column":73}},"49":{"start":{"line":79,"column":2},"end":{"line":79,"column":28}},"50":{"start":{"line":82,"column":13},"end":{"line":82,"column":26}},"51":{"start":{"line":83,"column":18},"end":{"line":83,"column":44}},"52":{"start":{"line":84,"column":2},"end":{"line":88,"column":3}},"53":{"start":{"line":85,"column":18},"end":{"line":85,"column":48}},"54":{"start":{"line":86,"column":4},"end":{"line":86,"column":27}},"55":{"start":{"line":87,"column":4},"end":{"line":87,"column":23}},"56":{"start":{"line":89,"column":15},"end":{"line":89,"column":23}},"57":{"start":{"line":90,"column":2},"end":{"line":94,"column":3}},"58":{"start":{"line":91,"column":18},"end":{"line":91,"column":58}},"59":{"start":{"line":92,"column":4},"end":{"line":92,"column":27}},"60":{"start":{"line":93,"column":4},"end":{"line":93,"column":23}},"61":{"start":{"line":95,"column":18},"end":{"line":95,"column":20}},"62":{"start":{"line":96,"column":16},"end":{"line":96,"column":26}},"63":{"start":{"line":97,"column":2},"end":{"line":113,"column":3}},"64":{"start":{"line":98,"column":4},"end":{"line":106,"column":5}},"65":{"start":{"line":99,"column":6},"end":{"line":102,"column":9}},"66":{"start":{"line":101,"column":30},"end":{"line":101,"column":34}},"67":{"start":{"line":103,"column":6},"end":{"line":103,"column":40}},"68":{"start":{"line":105,"column":6},"end":{"line":105,"column":42}},"69":{"start":{"line":107,"column":4},"end":{"line":107,"column":37}},"70":{"start":{"line":108,"column":4},"end":{"line":112,"column":7}},"71":{"start":{"line":114,"column":2},"end":{"line":114,"column":23}},"72":{"start":{"line":115,"column":2},"end":{"line":118,"column":5}},"73":{"start":{"line":121,"column":13},"end":{"line":121,"column":26}},"74":{"start":{"line":122,"column":15},"end":{"line":122,"column":23}},"75":{"start":{"line":123,"column":18},"end":{"line":123,"column":44}},"76":{"start":{"line":124,"column":2},"end":{"line":128,"column":3}},"77":{"start":{"line":125,"column":18},"end":{"line":125,"column":48}},"78":{"start":{"line":126,"column":4},"end":{"line":126,"column":27}},"79":{"start":{"line":127,"column":4},"end":{"line":127,"column":23}},"80":{"start":{"line":129,"column":2},"end":{"line":133,"column":3}},"81":{"start":{"line":130,"column":18},"end":{"line":130,"column":58}},"82":{"start":{"line":131,"column":4},"end":{"line":131,"column":27}},"83":{"start":{"line":132,"column":4},"end":{"line":132,"column":23}},"84":{"start":{"line":134,"column":2},"end":{"line":134,"column":65}},"85":{"start":{"line":135,"column":2},"end":{"line":135,"column":23}},"86":{"start":{"line":136,"column":2},"end":{"line":140,"column":5}},"87":{"start":{"line":143,"column":20},"end":{"line":143,"column":33}},"88":{"start":{"line":144,"column":18},"end":{"line":144,"column":51}},"89":{"start":{"line":145,"column":2},"end":{"line":149,"column":3}},"90":{"start":{"line":146,"column":18},"end":{"line":146,"column":48}},"91":{"start":{"line":147,"column":4},"end":{"line":147,"column":27}},"92":{"start":{"line":148,"column":4},"end":{"line":148,"column":23}},"93":{"start":{"line":150,"column":2},"end":{"line":154,"column":3}},"94":{"start":{"line":151,"column":18},"end":{"line":151,"column":58}},"95":{"start":{"line":152,"column":4},"end":{"line":152,"column":27}},"96":{"start":{"line":153,"column":4},"end":{"line":153,"column":23}},"97":{"start":{"line":155,"column":2},"end":{"line":157,"column":5}},"98":{"start":{"line":160,"column":20},"end":{"line":160,"column":33}},"99":{"start":{"line":161,"column":18},"end":{"line":161,"column":26}},"100":{"start":{"line":163,"column":2},"end":{"line":167,"column":3}},"101":{"start":{"line":164,"column":18},"end":{"line":164,"column":55}},"102":{"start":{"line":165,"column":4},"end":{"line":165,"column":27}},"103":{"start":{"line":166,"column":4},"end":{"line":166,"column":23}},"104":{"start":{"line":169,"column":21},"end":{"line":169,"column":44}},"105":{"start":{"line":171,"column":2},"end":{"line":175,"column":3}},"106":{"start":{"line":172,"column":18},"end":{"line":172,"column":47}},"107":{"start":{"line":173,"column":4},"end":{"line":173,"column":27}},"108":{"start":{"line":174,"column":4},"end":{"line":174,"column":23}},"109":{"start":{"line":177,"column":18},"end":{"line":177,"column":51}},"110":{"start":{"line":179,"column":2},"end":{"line":183,"column":3}},"111":{"start":{"line":180,"column":18},"end":{"line":180,"column":48}},"112":{"start":{"line":181,"column":4},"end":{"line":181,"column":27}},"113":{"start":{"line":182,"column":4},"end":{"line":182,"column":23}},"114":{"start":{"line":185,"column":2},"end":{"line":189,"column":3}},"115":{"start":{"line":186,"column":18},"end":{"line":186,"column":58}},"116":{"start":{"line":187,"column":4},"end":{"line":187,"column":27}},"117":{"start":{"line":188,"column":4},"end":{"line":188,"column":23}},"118":{"start":{"line":190,"column":24},"end":{"line":192,"column":4}},"119":{"start":{"line":191,"column":4},"end":{"line":191,"column":32}},"120":{"start":{"line":193,"column":2},"end":{"line":197,"column":3}},"121":{"start":{"line":194,"column":18},"end":{"line":194,"column":54}},"122":{"start":{"line":195,"column":4},"end":{"line":195,"column":27}},"123":{"start":{"line":196,"column":4},"end":{"line":196,"column":23}},"124":{"start":{"line":198,"column":2},"end":{"line":200,"column":5}},"125":{"start":{"line":202,"column":2},"end":{"line":202,"column":23}},"126":{"start":{"line":204,"column":2},"end":{"line":207,"column":5}},"127":{"start":{"line":210,"column":13},"end":{"line":210,"column":26}},"128":{"start":{"line":211,"column":18},"end":{"line":211,"column":44}},"129":{"start":{"line":212,"column":2},"end":{"line":216,"column":3}},"130":{"start":{"line":213,"column":18},"end":{"line":213,"column":48}},"131":{"start":{"line":214,"column":4},"end":{"line":214,"column":27}},"132":{"start":{"line":215,"column":4},"end":{"line":215,"column":23}},"133":{"start":{"line":217,"column":2},"end":{"line":221,"column":3}},"134":{"start":{"line":218,"column":18},"end":{"line":218,"column":58}},"135":{"start":{"line":219,"column":4},"end":{"line":219,"column":27}},"136":{"start":{"line":220,"column":4},"end":{"line":220,"column":23}},"137":{"start":{"line":222,"column":2},"end":{"line":222,"column":49}},"138":{"start":{"line":225,"column":29},"end":{"line":225,"column":39}},"139":{"start":{"line":226,"column":18},"end":{"line":226,"column":44}},"140":{"start":{"line":227,"column":2},"end":{"line":231,"column":3}},"141":{"start":{"line":228,"column":18},"end":{"line":228,"column":48}},"142":{"start":{"line":229,"column":4},"end":{"line":229,"column":27}},"143":{"start":{"line":230,"column":4},"end":{"line":230,"column":23}},"144":{"start":{"line":232,"column":2},"end":{"line":236,"column":3}},"145":{"start":{"line":233,"column":18},"end":{"line":233,"column":58}},"146":{"start":{"line":234,"column":4},"end":{"line":234,"column":27}},"147":{"start":{"line":235,"column":4},"end":{"line":235,"column":23}},"148":{"start":{"line":237,"column":19},"end":{"line":237,"column":51}},"149":{"start":{"line":238,"column":2},"end":{"line":242,"column":3}},"150":{"start":{"line":239,"column":18},"end":{"line":239,"column":49}},"151":{"start":{"line":240,"column":4},"end":{"line":240,"column":27}},"152":{"start":{"line":241,"column":4},"end":{"line":241,"column":23}},"153":{"start":{"line":243,"column":2},"end":{"line":243,"column":23}},"154":{"start":{"line":244,"column":2},"end":{"line":244,"column":23}},"155":{"start":{"line":245,"column":2},"end":{"line":247,"column":5}},"156":{"start":{"line":249,"column":0},"end":{"line":261,"column":2}}},"fnMap":{"0":{"name":"createService","decl":{"start":{"line":5,"column":15},"end":{"line":5,"column":28}},"loc":{"start":{"line":5,"column":45},"end":{"line":34,"column":1}},"line":5},"1":{"name":"getAllServices","decl":{"start":{"line":35,"column":15},"end":{"line":35,"column":29}},"loc":{"start":{"line":35,"column":40},"end":{"line":38,"column":1}},"line":35},"2":{"name":"getServiceById","decl":{"start":{"line":39,"column":15},"end":{"line":39,"column":29}},"loc":{"start":{"line":39,"column":46},"end":{"line":53,"column":1}},"line":39},"3":{"name":"deleteService","decl":{"start":{"line":54,"column":15},"end":{"line":54,"column":28}},"loc":{"start":{"line":54,"column":45},"end":{"line":75,"column":1}},"line":54},"4":{"name":"getMyServices","decl":{"start":{"line":76,"column":15},"end":{"line":76,"column":28}},"loc":{"start":{"line":76,"column":39},"end":{"line":80,"column":1}},"line":76},"5":{"name":"checkHealthById","decl":{"start":{"line":81,"column":15},"end":{"line":81,"column":30}},"loc":{"start":{"line":81,"column":47},"end":{"line":119,"column":1}},"line":81},"6":{"name":"(anonymous_6)","decl":{"start":{"line":101,"column":24},"end":{"line":101,"column":25}},"loc":{"start":{"line":101,"column":30},"end":{"line":101,"column":34}},"line":101},"7":{"name":"rotateGatewaySecret","decl":{"start":{"line":120,"column":15},"end":{"line":120,"column":34}},"loc":{"start":{"line":120,"column":51},"end":{"line":141,"column":1}},"line":120},"8":{"name":"getGatewaySecret","decl":{"start":{"line":142,"column":15},"end":{"line":142,"column":31}},"loc":{"start":{"line":142,"column":48},"end":{"line":158,"column":1}},"line":142},"9":{"name":"addInstance","decl":{"start":{"line":159,"column":15},"end":{"line":159,"column":26}},"loc":{"start":{"line":159,"column":43},"end":{"line":208,"column":1}},"line":159},"10":{"name":"(anonymous_10)","decl":{"start":{"line":190,"column":47},"end":{"line":190,"column":48}},"loc":{"start":{"line":190,"column":61},"end":{"line":192,"column":3}},"line":190},"11":{"name":"getInstances","decl":{"start":{"line":209,"column":15},"end":{"line":209,"column":27}},"loc":{"start":{"line":209,"column":44},"end":{"line":223,"column":1}},"line":209},"12":{"name":"deleteInstance","decl":{"start":{"line":224,"column":15},"end":{"line":224,"column":29}},"loc":{"start":{"line":224,"column":46},"end":{"line":248,"column":1}},"line":224}},"branchMap":{"0":{"loc":{"start":{"line":7,"column":2},"end":{"line":11,"column":3}},"type":"if","locations":[{"start":{"line":7,"column":2},"end":{"line":11,"column":3}},{"start":{},"end":{}}],"line":7},"1":{"loc":{"start":{"line":7,"column":6},"end":{"line":7,"column":23}},"type":"binary-expr","locations":[{"start":{"line":7,"column":6},"end":{"line":7,"column":11}},{"start":{"line":7,"column":15},"end":{"line":7,"column":23}}],"line":7},"2":{"loc":{"start":{"line":13,"column":2},"end":{"line":17,"column":3}},"type":"if","locations":[{"start":{"line":13,"column":2},"end":{"line":17,"column":3}},{"start":{},"end":{}}],"line":13},"3":{"loc":{"start":{"line":41,"column":2},"end":{"line":45,"column":3}},"type":"if","locations":[{"start":{"line":41,"column":2},"end":{"line":45,"column":3}},{"start":{},"end":{}}],"line":41},"4":{"loc":{"start":{"line":47,"column":2},"end":{"line":51,"column":3}},"type":"if","locations":[{"start":{"line":47,"column":2},"end":{"line":51,"column":3}},{"start":{},"end":{}}],"line":47},"5":{"loc":{"start":{"line":57,"column":2},"end":{"line":61,"column":3}},"type":"if","locations":[{"start":{"line":57,"column":2},"end":{"line":61,"column":3}},{"start":{},"end":{}}],"line":57},"6":{"loc":{"start":{"line":63,"column":2},"end":{"line":67,"column":3}},"type":"if","locations":[{"start":{"line":63,"column":2},"end":{"line":67,"column":3}},{"start":{},"end":{}}],"line":63},"7":{"loc":{"start":{"line":68,"column":2},"end":{"line":72,"column":3}},"type":"if","locations":[{"start":{"line":68,"column":2},"end":{"line":72,"column":3}},{"start":{},"end":{}}],"line":68},"8":{"loc":{"start":{"line":84,"column":2},"end":{"line":88,"column":3}},"type":"if","locations":[{"start":{"line":84,"column":2},"end":{"line":88,"column":3}},{"start":{},"end":{}}],"line":84},"9":{"loc":{"start":{"line":90,"column":2},"end":{"line":94,"column":3}},"type":"if","locations":[{"start":{"line":90,"column":2},"end":{"line":94,"column":3}},{"start":{},"end":{}}],"line":90},"10":{"loc":{"start":{"line":124,"column":2},"end":{"line":128,"column":3}},"type":"if","locations":[{"start":{"line":124,"column":2},"end":{"line":128,"column":3}},{"start":{},"end":{}}],"line":124},"11":{"loc":{"start":{"line":129,"column":2},"end":{"line":133,"column":3}},"type":"if","locations":[{"start":{"line":129,"column":2},"end":{"line":133,"column":3}},{"start":{},"end":{}}],"line":129},"12":{"loc":{"start":{"line":145,"column":2},"end":{"line":149,"column":3}},"type":"if","locations":[{"start":{"line":145,"column":2},"end":{"line":149,"column":3}},{"start":{},"end":{}}],"line":145},"13":{"loc":{"start":{"line":150,"column":2},"end":{"line":154,"column":3}},"type":"if","locations":[{"start":{"line":150,"column":2},"end":{"line":154,"column":3}},{"start":{},"end":{}}],"line":150},"14":{"loc":{"start":{"line":163,"column":2},"end":{"line":167,"column":3}},"type":"if","locations":[{"start":{"line":163,"column":2},"end":{"line":167,"column":3}},{"start":{},"end":{}}],"line":163},"15":{"loc":{"start":{"line":171,"column":2},"end":{"line":175,"column":3}},"type":"if","locations":[{"start":{"line":171,"column":2},"end":{"line":175,"column":3}},{"start":{},"end":{}}],"line":171},"16":{"loc":{"start":{"line":179,"column":2},"end":{"line":183,"column":3}},"type":"if","locations":[{"start":{"line":179,"column":2},"end":{"line":183,"column":3}},{"start":{},"end":{}}],"line":179},"17":{"loc":{"start":{"line":185,"column":2},"end":{"line":189,"column":3}},"type":"if","locations":[{"start":{"line":185,"column":2},"end":{"line":189,"column":3}},{"start":{},"end":{}}],"line":185},"18":{"loc":{"start":{"line":193,"column":2},"end":{"line":197,"column":3}},"type":"if","locations":[{"start":{"line":193,"column":2},"end":{"line":197,"column":3}},{"start":{},"end":{}}],"line":193},"19":{"loc":{"start":{"line":212,"column":2},"end":{"line":216,"column":3}},"type":"if","locations":[{"start":{"line":212,"column":2},"end":{"line":216,"column":3}},{"start":{},"end":{}}],"line":212},"20":{"loc":{"start":{"line":217,"column":2},"end":{"line":221,"column":3}},"type":"if","locations":[{"start":{"line":217,"column":2},"end":{"line":221,"column":3}},{"start":{},"end":{}}],"line":217},"21":{"loc":{"start":{"line":227,"column":2},"end":{"line":231,"column":3}},"type":"if","locations":[{"start":{"line":227,"column":2},"end":{"line":231,"column":3}},{"start":{},"end":{}}],"line":227},"22":{"loc":{"start":{"line":232,"column":2},"end":{"line":236,"column":3}},"type":"if","locations":[{"start":{"line":232,"column":2},"end":{"line":236,"column":3}},{"start":{},"end":{}}],"line":232},"23":{"loc":{"start":{"line":238,"column":2},"end":{"line":242,"column":3}},"type":"if","locations":[{"start":{"line":238,"column":2},"end":{"line":242,"column":3}},{"start":{},"end":{}}],"line":238}},"s":{"0":5,"1":5,"2":5,"3":5,"4":24,"5":24,"6":2,"7":2,"8":2,"9":22,"10":22,"11":0,"12":0,"13":0,"14":22,"15":22,"16":22,"17":0,"18":0,"19":3,"20":3,"21":0,"22":0,"23":0,"24":3,"25":2,"26":1,"27":1,"28":1,"29":1,"30":2,"31":2,"32":2,"33":0,"34":0,"35":0,"36":2,"37":2,"38":0,"39":0,"40":0,"41":2,"42":1,"43":1,"44":1,"45":1,"46":1,"47":1,"48":1,"49":1,"50":0,"51":0,"52":0,"53":0,"54":0,"55":0,"56":0,"57":0,"58":0,"59":0,"60":0,"61":0,"62":0,"63":0,"64":0,"65":0,"66":0,"67":0,"68":0,"69":0,"70":0,"71":0,"72":0,"73":1,"74":1,"75":1,"76":1,"77":0,"78":0,"79":0,"80":1,"81":0,"82":0,"83":0,"84":1,"85":1,"86":1,"87":1,"88":1,"89":1,"90":0,"91":0,"92":0,"93":1,"94":0,"95":0,"96":0,"97":1,"98":5,"99":5,"100":5,"101":0,"102":0,"103":0,"104":5,"105":5,"106":0,"107":0,"108":0,"109":5,"110":5,"111":0,"112":0,"113":0,"114":5,"115":0,"116":0,"117":0,"118":5,"119":6,"120":5,"121":1,"122":1,"123":1,"124":4,"125":4,"126":4,"127":2,"128":2,"129":2,"130":0,"131":0,"132":0,"133":2,"134":0,"135":0,"136":0,"137":2,"138":1,"139":1,"140":1,"141":0,"142":0,"143":0,"144":1,"145":0,"146":0,"147":0,"148":1,"149":1,"150":0,"151":0,"152":0,"153":1,"154":1,"155":1,"156":5},"f":{"0":24,"1":0,"2":3,"3":2,"4":1,"5":0,"6":0,"7":1,"8":1,"9":5,"10":6,"11":2,"12":1},"b":{"0":[2,22],"1":[24,23],"2":[0,22],"3":[0,3],"4":[1,1],"5":[0,2],"6":[0,2],"7":[1,1],"8":[0,0],"9":[0,0],"10":[0,1],"11":[0,1],"12":[0,1],"13":[0,1],"14":[0,5],"15":[0,5],"16":[0,5],"17":[0,5],"18":[1,4],"19":[0,2],"20":[0,2],"21":[0,1],"22":[0,1],"23":[0,1]},"_coverageSchema":"1a1c01bbd47fc00a2c39e90264f33305004495a9","hash":"f1be532c12620460bbdfdc0f18f8427e05f10be2"}
,"C:\\Users\\user\\OneDrive\\Desktop\\Api-Shield\\backend\\src\\middlewares\\auth.js": {"path":"C:\\Users\\user\\OneDrive\\Desktop\\Api-Shield\\backend\\src\\middlewares\\auth.js","statementMap":{"0":{"start":{"line":1,"column":20},"end":{"line":1,"column":46}},"1":{"start":{"line":4,"column":18},"end":{"line":4,"column":46}},"2":{"start":{"line":5,"column":2},"end":{"line":9,"column":3}},"3":{"start":{"line":6,"column":4},"end":{"line":8,"column":7}},"4":{"start":{"line":10,"column":16},"end":{"line":10,"column":82}},"5":{"start":{"line":11,"column":15},"end":{"line":11,"column":29}},"6":{"start":{"line":12,"column":2},"end":{"line":16,"column":3}},"7":{"start":{"line":13,"column":4},"end":{"line":15,"column":7}},"8":{"start":{"line":17,"column":2},"end":{"line":17,"column":18}},"9":{"start":{"line":18,"column":2},"end":{"line":18,"column":9}},"10":{"start":{"line":21,"column":2},"end":{"line":29,"column":4}},"11":{"start":{"line":22,"column":4},"end":{"line":26,"column":5}},"12":{"start":{"line":23,"column":6},"end":{"line":25,"column":9}},"13":{"start":{"line":27,"column":4},"end":{"line":27,"column":71}},"14":{"start":{"line":27,"column":40},"end":{"line":27,"column":71}},"15":{"start":{"line":28,"column":4},"end":{"line":28,"column":18}},"16":{"start":{"line":31,"column":0},"end":{"line":34,"column":2}}},"fnMap":{"0":{"name":"checkForAuthentication","decl":{"start":{"line":3,"column":9},"end":{"line":3,"column":31}},"loc":{"start":{"line":3,"column":48},"end":{"line":19,"column":1}},"line":3},"1":{"name":"restrictTo","decl":{"start":{"line":20,"column":9},"end":{"line":20,"column":19}},"loc":{"start":{"line":20,"column":27},"end":{"line":30,"column":1}},"line":20},"2":{"name":"(anonymous_2)","decl":{"start":{"line":21,"column":9},"end":{"line":21,"column":10}},"loc":{"start":{"line":21,"column":35},"end":{"line":29,"column":3}},"line":21}},"branchMap":{"0":{"loc":{"start":{"line":5,"column":2},"end":{"line":9,"column":3}},"type":"if","locations":[{"start":{"line":5,"column":2},"end":{"line":9,"column":3}},{"start":{},"end":{}}],"line":5},"1":{"loc":{"start":{"line":10,"column":16},"end":{"line":10,"column":82}},"type":"cond-expr","locations":[{"start":{"line":10,"column":48},"end":{"line":10,"column":75}},{"start":{"line":10,"column":78},"end":{"line":10,"column":82}}],"line":10},"2":{"loc":{"start":{"line":12,"column":2},"end":{"line":16,"column":3}},"type":"if","locations":[{"start":{"line":12,"column":2},"end":{"line":16,"column":3}},{"start":{},"end":{}}],"line":12},"3":{"loc":{"start":{"line":22,"column":4},"end":{"line":26,"column":5}},"type":"if","locations":[{"start":{"line":22,"column":4},"end":{"line":26,"column":5}},{"start":{},"end":{}}],"line":22},"4":{"loc":{"start":{"line":27,"column":4},"end":{"line":27,"column":71}},"type":"if","locations":[{"start":{"line":27,"column":4},"end":{"line":27,"column":71}},{"start":{},"end":{}}],"line":27}},"s":{"0":5,"1":60,"2":60,"3":0,"4":60,"5":60,"6":60,"7":1,"8":59,"9":59,"10":5,"11":0,"12":0,"13":0,"14":0,"15":0,"16":5},"f":{"0":60,"1":5,"2":0},"b":{"0":[0,60],"1":[60,0],"2":[1,59],"3":[0,0],"4":[0,0]},"_coverageSchema":"1a1c01bbd47fc00a2c39e90264f33305004495a9","hash":"e77c9d4d2acacde95770ce35bcad3075821c908e"}
,"C:\\Users\\user\\OneDrive\\Desktop\\Api-Shield\\backend\\src\\middlewares\\errorHandler.js": {"path":"C:\\Users\\user\\OneDrive\\Desktop\\Api-Shield\\backend\\src\\middlewares\\errorHandler.js","statementMap":{"0":{"start":{"line":2,"column":21},"end":{"line":2,"column":42}},"1":{"start":{"line":3,"column":2},"end":{"line":7,"column":3}},"2":{"start":{"line":4,"column":4},"end":{"line":6,"column":7}},"3":{"start":{"line":8,"column":2},"end":{"line":10,"column":63}},"4":{"start":{"line":13,"column":0},"end":{"line":13,"column":30}}},"fnMap":{"0":{"name":"errorHandler","decl":{"start":{"line":1,"column":9},"end":{"line":1,"column":21}},"loc":{"start":{"line":1,"column":43},"end":{"line":11,"column":1}},"line":1}},"branchMap":{"0":{"loc":{"start":{"line":2,"column":21},"end":{"line":2,"column":42}},"type":"binary-expr","locations":[{"start":{"line":2,"column":21},"end":{"line":2,"column":35}},{"start":{"line":2,"column":39},"end":{"line":2,"column":42}}],"line":2},"1":{"loc":{"start":{"line":3,"column":2},"end":{"line":7,"column":3}},"type":"if","locations":[{"start":{"line":3,"column":2},"end":{"line":7,"column":3}},{"start":{},"end":{}}],"line":3},"2":{"loc":{"start":{"line":10,"column":21},"end":{"line":10,"column":59}},"type":"binary-expr","locations":[{"start":{"line":10,"column":21},"end":{"line":10,"column":32}},{"start":{"line":10,"column":36},"end":{"line":10,"column":59}}],"line":10}},"s":{"0":14,"1":14,"2":2,"3":12,"4":5},"f":{"0":14},"b":{"0":[14,2],"1":[2,12],"2":[12,0]},"_coverageSchema":"1a1c01bbd47fc00a2c39e90264f33305004495a9","hash":"ad3f508715fa59c53df8a8d413b070914e10d81e"}
,"C:\\Users\\user\\OneDrive\\Desktop\\Api-Shield\\backend\\src\\middlewares\\rateLimiter.js": {"path":"C:\\Users\\user\\OneDrive\\Desktop\\Api-Shield\\backend\\src\\middlewares\\rateLimiter.js","statementMap":{"0":{"start":{"line":1,"column":20},"end":{"line":1,"column":46}},"1":{"start":{"line":2,"column":14},"end":{"line":2,"column":16}},"2":{"start":{"line":4,"column":19},"end":{"line":4,"column":49}},"3":{"start":{"line":5,"column":14},"end":{"line":5,"column":45}},"4":{"start":{"line":6,"column":2},"end":{"line":9,"column":3}},"5":{"start":{"line":7,"column":4},"end":{"line":7,"column":51}},"6":{"start":{"line":8,"column":4},"end":{"line":8,"column":18}},"7":{"start":{"line":10,"column":23},"end":{"line":10,"column":34}},"8":{"start":{"line":11,"column":2},"end":{"line":15,"column":3}},"9":{"start":{"line":12,"column":4},"end":{"line":14,"column":7}},"10":{"start":{"line":16,"column":2},"end":{"line":16,"column":35}},"11":{"start":{"line":18,"column":2},"end":{"line":18,"column":16}},"12":{"start":{"line":21,"column":0},"end":{"line":21,"column":29}}},"fnMap":{"0":{"name":"rateLimiter","decl":{"start":{"line":3,"column":15},"end":{"line":3,"column":26}},"loc":{"start":{"line":3,"column":43},"end":{"line":19,"column":1}},"line":3}},"branchMap":{"0":{"loc":{"start":{"line":6,"column":2},"end":{"line":9,"column":3}},"type":"if","locations":[{"start":{"line":6,"column":2},"end":{"line":9,"column":3}},{"start":{},"end":{}}],"line":6},"1":{"loc":{"start":{"line":11,"column":2},"end":{"line":15,"column":3}},"type":"if","locations":[{"start":{"line":11,"column":2},"end":{"line":15,"column":3}},{"start":{},"end":{}}],"line":11}},"s":{"0":5,"1":5,"2":1,"3":1,"4":1,"5":0,"6":0,"7":1,"8":1,"9":0,"10":1,"11":1,"12":5},"f":{"0":1},"b":{"0":[0,1],"1":[0,1]},"_coverageSchema":"1a1c01bbd47fc00a2c39e90264f33305004495a9","hash":"32cd7f43110f848f545060e808f0a92b94fa933c"}
,"C:\\Users\\user\\OneDrive\\Desktop\\Api-Shield\\backend\\src\\middlewares\\validateApiKey.js": {"path":"C:\\Users\\user\\OneDrive\\Desktop\\Api-Shield\\backend\\src\\middlewares\\validateApiKey.js","statementMap":{"0":{"start":{"line":1,"column":15},"end":{"line":1,"column":42}},"1":{"start":{"line":4,"column":14},"end":{"line":4,"column":38}},"2":{"start":{"line":5,"column":2},"end":{"line":8,"column":7}},"3":{"start":{"line":6,"column":4},"end":{"line":8,"column":7}},"4":{"start":{"line":9,"column":17},"end":{"line":9,"column":60}},"5":{"start":{"line":10,"column":2},"end":{"line":13,"column":7}},"6":{"start":{"line":11,"column":4},"end":{"line":13,"column":7}},"7":{"start":{"line":14,"column":2},"end":{"line":14,"column":22}},"8":{"start":{"line":15,"column":2},"end":{"line":15,"column":16}},"9":{"start":{"line":18,"column":0},"end":{"line":18,"column":31}}},"fnMap":{"0":{"name":"validateApiKey","decl":{"start":{"line":3,"column":15},"end":{"line":3,"column":29}},"loc":{"start":{"line":3,"column":44},"end":{"line":16,"column":1}},"line":3}},"branchMap":{"0":{"loc":{"start":{"line":5,"column":2},"end":{"line":8,"column":7}},"type":"if","locations":[{"start":{"line":5,"column":2},"end":{"line":8,"column":7}},{"start":{},"end":{}}],"line":5},"1":{"loc":{"start":{"line":10,"column":2},"end":{"line":13,"column":7}},"type":"if","locations":[{"start":{"line":10,"column":2},"end":{"line":13,"column":7}},{"start":{},"end":{}}],"line":10}},"s":{"0":5,"1":1,"2":1,"3":0,"4":1,"5":1,"6":0,"7":1,"8":1,"9":5},"f":{"0":1},"b":{"0":[0,1],"1":[0,1]},"_coverageSchema":"1a1c01bbd47fc00a2c39e90264f33305004495a9","hash":"bfb56d84c791006431d1e89cc6c54a87af7356b2"}
,"C:\\Users\\user\\OneDrive\\Desktop\\Api-Shield\\backend\\src\\middlewares\\verifyServiceOwnership.js": {"path":"C:\\Users\\user\\OneDrive\\Desktop\\Api-Shield\\backend\\src\\middlewares\\verifyServiceOwnership.js","statementMap":{"0":{"start":{"line":1,"column":16},"end":{"line":1,"column":44}},"1":{"start":{"line":3,"column":20},"end":{"line":3,"column":40}},"2":{"start":{"line":4,"column":18},"end":{"line":4,"column":51}},"3":{"start":{"line":5,"column":2},"end":{"line":9,"column":3}},"4":{"start":{"line":6,"column":4},"end":{"line":8,"column":7}},"5":{"start":{"line":11,"column":2},"end":{"line":15,"column":3}},"6":{"start":{"line":12,"column":4},"end":{"line":14,"column":7}},"7":{"start":{"line":16,"column":2},"end":{"line":16,"column":9}},"8":{"start":{"line":18,"column":0},"end":{"line":18,"column":40}}},"fnMap":{"0":{"name":"verifyServiceOwnership","decl":{"start":{"line":2,"column":15},"end":{"line":2,"column":37}},"loc":{"start":{"line":2,"column":54},"end":{"line":17,"column":1}},"line":2}},"branchMap":{"0":{"loc":{"start":{"line":5,"column":2},"end":{"line":9,"column":3}},"type":"if","locations":[{"start":{"line":5,"column":2},"end":{"line":9,"column":3}},{"start":{},"end":{}}],"line":5},"1":{"loc":{"start":{"line":11,"column":2},"end":{"line":15,"column":3}},"type":"if","locations":[{"start":{"line":11,"column":2},"end":{"line":15,"column":3}},{"start":{},"end":{}}],"line":11}},"s":{"0":5,"1":7,"2":7,"3":6,"4":1,"5":5,"6":2,"7":3,"8":5},"f":{"0":7},"b":{"0":[1,5],"1":[2,3]},"_coverageSchema":"1a1c01bbd47fc00a2c39e90264f33305004495a9","hash":"ebfa5836bc25fcb0055cec9b647f8a407489ef24"}
,"C:\\Users\\user\\OneDrive\\Desktop\\Api-Shield\\backend\\src\\models\\apiKey.js": {"path":"C:\\Users\\user\\OneDrive\\Desktop\\Api-Shield\\backend\\src\\models\\apiKey.js","statementMap":{"0":{"start":{"line":1,"column":17},"end":{"line":1,"column":36}},"1":{"start":{"line":2,"column":15},"end":{"line":2,"column":32}},"2":{"start":{"line":3,"column":21},"end":{"line":22,"column":20}},"3":{"start":{"line":24,"column":0},"end":{"line":28,"column":2}},"4":{"start":{"line":25,"column":4},"end":{"line":25,"column":24}},"5":{"start":{"line":25,"column":17},"end":{"line":25,"column":24}},"6":{"start":{"line":26,"column":4},"end":{"line":26,"column":61}},"7":{"start":{"line":27,"column":4},"end":{"line":27,"column":11}},"8":{"start":{"line":30,"column":13},"end":{"line":30,"column":50}},"9":{"start":{"line":31,"column":0},"end":{"line":31,"column":24}}},"fnMap":{"0":{"name":"(anonymous_0)","decl":{"start":{"line":24,"column":24},"end":{"line":24,"column":25}},"loc":{"start":{"line":24,"column":34},"end":{"line":28,"column":1}},"line":24}},"branchMap":{"0":{"loc":{"start":{"line":25,"column":4},"end":{"line":25,"column":24}},"type":"if","locations":[{"start":{"line":25,"column":4},"end":{"line":25,"column":24}},{"start":{},"end":{}}],"line":25}},"s":{"0":5,"1":5,"2":5,"3":5,"4":5,"5":0,"6":5,"7":5,"8":5,"9":5},"f":{"0":5},"b":{"0":[0,5]},"_coverageSchema":"1a1c01bbd47fc00a2c39e90264f33305004495a9","hash":"a381cd6e8b3bb4c6ddf4552e370ef6d403ff9970"}
,"C:\\Users\\user\\OneDrive\\Desktop\\Api-Shield\\backend\\src\\models\\requestLog.js": {"path":"C:\\Users\\user\\OneDrive\\Desktop\\Api-Shield\\backend\\src\\models\\requestLog.js","statementMap":{"0":{"start":{"line":1,"column":17},"end":{"line":1,"column":36}},"1":{"start":{"line":3,"column":25},"end":{"line":24,"column":2}},"2":{"start":{"line":25,"column":19},"end":{"line":25,"column":65}},"3":{"start":{"line":26,"column":0},"end":{"line":26,"column":28}}},"fnMap":{},"branchMap":{},"s":{"0":5,"1":5,"2":5,"3":5},"f":{},"b":{},"_coverageSchema":"1a1c01bbd47fc00a2c39e90264f33305004495a9","hash":"abd7a788681e6c58a17bf5228bb3a4e9d4b7a877"}
,"C:\\Users\\user\\OneDrive\\Desktop\\Api-Shield\\backend\\src\\models\\service.js": {"path":"C:\\Users\\user\\OneDrive\\Desktop\\Api-Shield\\backend\\src\\models\\service.js","statementMap":{"0":{"start":{"line":1,"column":17},"end":{"line":1,"column":36}},"1":{"start":{"line":2,"column":16},"end":{"line":2,"column":34}},"2":{"start":{"line":3,"column":15},"end":{"line":3,"column":32}},"3":{"start":{"line":4,"column":22},"end":{"line":51,"column":1}},"4":{"start":{"line":52,"column":0},"end":{"line":55,"column":3}},"5":{"start":{"line":53,"column":2},"end":{"line":53,"column":26}},"6":{"start":{"line":53,"column":19},"end":{"line":53,"column":26}},"7":{"start":{"line":54,"column":2},"end":{"line":54,"column":62}},"8":{"start":{"line":56,"column":0},"end":{"line":65,"column":3}},"9":{"start":{"line":57,"column":2},"end":{"line":57,"column":39}},"10":{"start":{"line":57,"column":32},"end":{"line":57,"column":39}},"11":{"start":{"line":58,"column":19},"end":{"line":63,"column":4}},"12":{"start":{"line":64,"column":2},"end":{"line":64,"column":23}},"13":{"start":{"line":66,"column":16},"end":{"line":66,"column":56}},"14":{"start":{"line":67,"column":0},"end":{"line":67,"column":25}}},"fnMap":{"0":{"name":"(anonymous_0)","decl":{"start":{"line":52,"column":26},"end":{"line":52,"column":27}},"loc":{"start":{"line":52,"column":38},"end":{"line":55,"column":1}},"line":52},"1":{"name":"(anonymous_1)","decl":{"start":{"line":56,"column":26},"end":{"line":56,"column":27}},"loc":{"start":{"line":56,"column":38},"end":{"line":65,"column":1}},"line":56}},"branchMap":{"0":{"loc":{"start":{"line":53,"column":2},"end":{"line":53,"column":26}},"type":"if","locations":[{"start":{"line":53,"column":2},"end":{"line":53,"column":26}},{"start":{},"end":{}}],"line":53},"1":{"loc":{"start":{"line":57,"column":2},"end":{"line":57,"column":39}},"type":"if","locations":[{"start":{"line":57,"column":2},"end":{"line":57,"column":39}},{"start":{},"end":{}}],"line":57}},"s":{"0":5,"1":5,"2":5,"3":5,"4":5,"5":28,"6":6,"7":22,"8":5,"9":28,"10":6,"11":22,"12":22,"13":5,"14":5},"f":{"0":28,"1":28},"b":{"0":[6,22],"1":[6,22]},"_coverageSchema":"1a1c01bbd47fc00a2c39e90264f33305004495a9","hash":"26f89c263be7b8bb48b36e17f6965cdd40fa8551"}
,"C:\\Users\\user\\OneDrive\\Desktop\\Api-Shield\\backend\\src\\models\\users.js": {"path":"C:\\Users\\user\\OneDrive\\Desktop\\Api-Shield\\backend\\src\\models\\users.js","statementMap":{"0":{"start":{"line":1,"column":17},"end":{"line":1,"column":36}},"1":{"start":{"line":2,"column":15},"end":{"line":2,"column":32}},"2":{"start":{"line":3,"column":19},"end":{"line":22,"column":20}},"3":{"start":{"line":23,"column":0},"end":{"line":28,"column":2}},"4":{"start":{"line":24,"column":2},"end":{"line":24,"column":43}},"5":{"start":{"line":24,"column":36},"end":{"line":24,"column":43}},"6":{"start":{"line":25,"column":19},"end":{"line":25,"column":32}},"7":{"start":{"line":26,"column":25},"end":{"line":26,"column":55}},"8":{"start":{"line":27,"column":2},"end":{"line":27,"column":31}},"9":{"start":{"line":29,"column":0},"end":{"line":31,"column":1}},"10":{"start":{"line":30,"column":2},"end":{"line":30,"column":54}},"11":{"start":{"line":32,"column":11},"end":{"line":32,"column":44}},"12":{"start":{"line":33,"column":0},"end":{"line":33,"column":21}}},"fnMap":{"0":{"name":"(anonymous_0)","decl":{"start":{"line":23,"column":22},"end":{"line":23,"column":23}},"loc":{"start":{"line":23,"column":38},"end":{"line":28,"column":1}},"line":23},"1":{"name":"(anonymous_1)","decl":{"start":{"line":29,"column":34},"end":{"line":29,"column":35}},"loc":{"start":{"line":29,"column":58},"end":{"line":31,"column":1}},"line":29}},"branchMap":{"0":{"loc":{"start":{"line":24,"column":2},"end":{"line":24,"column":43}},"type":"if","locations":[{"start":{"line":24,"column":2},"end":{"line":24,"column":43}},{"start":{},"end":{}}],"line":24}},"s":{"0":5,"1":5,"2":5,"3":5,"4":40,"5":0,"6":40,"7":40,"8":40,"9":5,"10":38,"11":5,"12":5},"f":{"0":40,"1":38},"b":{"0":[0,40]},"_coverageSchema":"1a1c01bbd47fc00a2c39e90264f33305004495a9","hash":"643e6203588de04ed63d18f21556a2a36286c10c"}
,"C:\\Users\\user\\OneDrive\\Desktop\\Api-Shield\\backend\\src\\routers\\apiKey.js": {"path":"C:\\Users\\user\\OneDrive\\Desktop\\Api-Shield\\backend\\src\\routers\\apiKey.js","statementMap":{"0":{"start":{"line":1,"column":16},"end":{"line":1,"column":34}},"1":{"start":{"line":6,"column":4},"end":{"line":6,"column":36}},"2":{"start":{"line":7,"column":21},"end":{"line":7,"column":56}},"3":{"start":{"line":9,"column":15},"end":{"line":9,"column":31}},"4":{"start":{"line":11,"column":0},"end":{"line":11,"column":55}},"5":{"start":{"line":12,"column":0},"end":{"line":12,"column":44}},"6":{"start":{"line":13,"column":0},"end":{"line":13,"column":50}},"7":{"start":{"line":15,"column":0},"end":{"line":15,"column":24}}},"fnMap":{},"branchMap":{},"s":{"0":5,"1":5,"2":5,"3":5,"4":5,"5":5,"6":5,"7":5},"f":{},"b":{},"_coverageSchema":"1a1c01bbd47fc00a2c39e90264f33305004495a9","hash":"0a8a101e58b7017cea87e27e7238c31fa0530281"}
,"C:\\Users\\user\\OneDrive\\Desktop\\Api-Shield\\backend\\src\\routers\\auth.js": {"path":"C:\\Users\\user\\OneDrive\\Desktop\\Api-Shield\\backend\\src\\routers\\auth.js","statementMap":{"0":{"start":{"line":1,"column":16},"end":{"line":1,"column":34}},"1":{"start":{"line":2,"column":47},"end":{"line":2,"column":77}},"2":{"start":{"line":8,"column":4},"end":{"line":8,"column":34}},"3":{"start":{"line":9,"column":21},"end":{"line":9,"column":56}},"4":{"start":{"line":11,"column":15},"end":{"line":11,"column":31}},"5":{"start":{"line":13,"column":0},"end":{"line":13,"column":49}},"6":{"start":{"line":14,"column":0},"end":{"line":14,"column":47}},"7":{"start":{"line":15,"column":0},"end":{"line":15,"column":49}},"8":{"start":{"line":16,"column":0},"end":{"line":16,"column":72}},"9":{"start":{"line":18,"column":0},"end":{"line":18,"column":24}}},"fnMap":{},"branchMap":{},"s":{"0":5,"1":5,"2":5,"3":5,"4":5,"5":5,"6":5,"7":5,"8":5,"9":5},"f":{},"b":{},"_coverageSchema":"1a1c01bbd47fc00a2c39e90264f33305004495a9","hash":"cd34f04de4ffd22f812eb4e3f615d0349eb2b02d"}
,"C:\\Users\\user\\OneDrive\\Desktop\\Api-Shield\\backend\\src\\routers\\gateway.js": {"path":"C:\\Users\\user\\OneDrive\\Desktop\\Api-Shield\\backend\\src\\routers\\gateway.js","statementMap":{"0":{"start":{"line":1,"column":16},"end":{"line":1,"column":34}},"1":{"start":{"line":2,"column":22},"end":{"line":2,"column":55}},"2":{"start":{"line":3,"column":23},"end":{"line":3,"column":63}},"3":{"start":{"line":4,"column":20},"end":{"line":4,"column":57}},"4":{"start":{"line":5,"column":21},"end":{"line":5,"column":56}},"5":{"start":{"line":6,"column":15},"end":{"line":6,"column":31}},"6":{"start":{"line":8,"column":0},"end":{"line":8,"column":76}},"7":{"start":{"line":9,"column":0},"end":{"line":9,"column":82}},"8":{"start":{"line":11,"column":0},"end":{"line":11,"column":24}}},"fnMap":{},"branchMap":{},"s":{"0":5,"1":5,"2":5,"3":5,"4":5,"5":5,"6":5,"7":5,"8":5},"f":{},"b":{},"_coverageSchema":"1a1c01bbd47fc00a2c39e90264f33305004495a9","hash":"eb573bfab07bb748576c56a7a939bd0fed7d31b5"}
,"C:\\Users\\user\\OneDrive\\Desktop\\Api-Shield\\backend\\src\\routers\\requestLog.js": {"path":"C:\\Users\\user\\OneDrive\\Desktop\\Api-Shield\\backend\\src\\routers\\requestLog.js","statementMap":{"0":{"start":{"line":1,"column":16},"end":{"line":1,"column":34}},"1":{"start":{"line":2,"column":54},"end":{"line":2,"column":90}},"2":{"start":{"line":3,"column":31},"end":{"line":3,"column":79}},"3":{"start":{"line":4,"column":21},"end":{"line":4,"column":56}},"4":{"start":{"line":5,"column":15},"end":{"line":5,"column":31}},"5":{"start":{"line":7,"column":0},"end":{"line":7,"column":95}},"6":{"start":{"line":8,"column":0},"end":{"line":8,"column":95}},"7":{"start":{"line":10,"column":0},"end":{"line":10,"column":24}}},"fnMap":{},"branchMap":{},"s":{"0":5,"1":5,"2":5,"3":5,"4":5,"5":5,"6":5,"7":5},"f":{},"b":{},"_coverageSchema":"1a1c01bbd47fc00a2c39e90264f33305004495a9","hash":"3631f0b63488fbac0bd751fd6ed26a520fffc14e"}
,"C:\\Users\\user\\OneDrive\\Desktop\\Api-Shield\\backend\\src\\routers\\service.js": {"path":"C:\\Users\\user\\OneDrive\\Desktop\\Api-Shield\\backend\\src\\routers\\service.js","statementMap":{"0":{"start":{"line":1,"column":16},"end":{"line":1,"column":34}},"1":{"start":{"line":2,"column":23},"end":{"line":2,"column":53}},"2":{"start":{"line":15,"column":4},"end":{"line":15,"column":37}},"3":{"start":{"line":16,"column":15},"end":{"line":16,"column":31}},"4":{"start":{"line":17,"column":21},"end":{"line":17,"column":56}},"5":{"start":{"line":18,"column":0},"end":{"line":18,"column":46}},"6":{"start":{"line":19,"column":0},"end":{"line":19,"column":69}},"7":{"start":{"line":20,"column":0},"end":{"line":20,"column":47}},"8":{"start":{"line":21,"column":0},"end":{"line":21,"column":58}},"9":{"start":{"line":22,"column":0},"end":{"line":22,"column":64}},"10":{"start":{"line":23,"column":0},"end":{"line":23,"column":69}},"11":{"start":{"line":24,"column":0},"end":{"line":24,"column":55}},"12":{"start":{"line":25,"column":0},"end":{"line":25,"column":55}},"13":{"start":{"line":26,"column":0},"end":{"line":26,"column":72}},"14":{"start":{"line":27,"column":0},"end":{"line":27,"column":49}},"15":{"start":{"line":28,"column":0},"end":{"line":28,"column":51}},"16":{"start":{"line":29,"column":0},"end":{"line":29,"column":24}}},"fnMap":{},"branchMap":{},"s":{"0":5,"1":5,"2":5,"3":5,"4":5,"5":5,"6":5,"7":5,"8":5,"9":5,"10":5,"11":5,"12":5,"13":5,"14":5,"15":5,"16":5},"f":{},"b":{},"_coverageSchema":"1a1c01bbd47fc00a2c39e90264f33305004495a9","hash":"9a3c78f683a6a0f9766c7b4d2c932239e54ea0b8"}
,"C:\\Users\\user\\OneDrive\\Desktop\\Api-Shield\\backend\\src\\service\\auth.js": {"path":"C:\\Users\\user\\OneDrive\\Desktop\\Api-Shield\\backend\\src\\service\\auth.js","statementMap":{"0":{"start":{"line":1,"column":12},"end":{"line":1,"column":35}},"1":{"start":{"line":2,"column":15},"end":{"line":2,"column":37}},"2":{"start":{"line":4,"column":2},"end":{"line":8,"column":11}},"3":{"start":{"line":11,"column":2},"end":{"line":11,"column":26}},"4":{"start":{"line":11,"column":14},"end":{"line":11,"column":26}},"5":{"start":{"line":12,"column":2},"end":{"line":16,"column":3}},"6":{"start":{"line":13,"column":4},"end":{"line":13,"column":36}},"7":{"start":{"line":15,"column":4},"end":{"line":15,"column":16}},"8":{"start":{"line":18,"column":0},"end":{"line":21,"column":1}}},"fnMap":{"0":{"name":"setUser","decl":{"start":{"line":3,"column":9},"end":{"line":3,"column":16}},"loc":{"start":{"line":3,"column":22},"end":{"line":9,"column":1}},"line":3},"1":{"name":"getUser","decl":{"start":{"line":10,"column":9},"end":{"line":10,"column":16}},"loc":{"start":{"line":10,"column":23},"end":{"line":17,"column":1}},"line":10}},"branchMap":{"0":{"loc":{"start":{"line":11,"column":2},"end":{"line":11,"column":26}},"type":"if","locations":[{"start":{"line":11,"column":2},"end":{"line":11,"column":26}},{"start":{},"end":{}}],"line":11}},"s":{"0":5,"1":5,"2":77,"3":60,"4":0,"5":60,"6":60,"7":1,"8":5},"f":{"0":77,"1":60},"b":{"0":[0,60]},"_coverageSchema":"1a1c01bbd47fc00a2c39e90264f33305004495a9","hash":"8ed169addf1540ce508696595376fdd3af8c4bde"}
,"C:\\Users\\user\\OneDrive\\Desktop\\Api-Shield\\backend\\tests\\helpers\\apiKey.js": {"path":"C:\\Users\\user\\OneDrive\\Desktop\\Api-Shield\\backend\\tests\\helpers\\apiKey.js","statementMap":{"0":{"start":{"line":1,"column":16},"end":{"line":1,"column":36}},"1":{"start":{"line":2,"column":12},"end":{"line":2,"column":36}},"2":{"start":{"line":5,"column":19},"end":{"line":7,"column":44}},"3":{"start":{"line":9,"column":2},"end":{"line":9,"column":23}},"4":{"start":{"line":12,"column":0},"end":{"line":12,"column":30}}},"fnMap":{"0":{"name":"createApiKey","decl":{"start":{"line":4,"column":15},"end":{"line":4,"column":27}},"loc":{"start":{"line":4,"column":46},"end":{"line":10,"column":1}},"line":4}},"branchMap":{},"s":{"0":1,"1":1,"2":1,"3":1,"4":1},"f":{"0":1},"b":{},"_coverageSchema":"1a1c01bbd47fc00a2c39e90264f33305004495a9","hash":"7aaafe0ca477499a422523ef3378eaf9b8a37d8c"}
,"C:\\Users\\user\\OneDrive\\Desktop\\Api-Shield\\backend\\tests\\helpers\\auth.js": {"path":"C:\\Users\\user\\OneDrive\\Desktop\\Api-Shield\\backend\\tests\\helpers\\auth.js","statementMap":{"0":{"start":{"line":1,"column":16},"end":{"line":1,"column":36}},"1":{"start":{"line":2,"column":12},"end":{"line":2,"column":36}},"2":{"start":{"line":9,"column":15},"end":{"line":13,"column":3}},"3":{"start":{"line":15,"column":2},"end":{"line":15,"column":57}},"4":{"start":{"line":17,"column":19},"end":{"line":20,"column":4}},"5":{"start":{"line":22,"column":2},"end":{"line":22,"column":29}},"6":{"start":{"line":25,"column":0},"end":{"line":25,"column":36}}},"fnMap":{"0":{"name":"createUserAndLogin","decl":{"start":{"line":4,"column":15},"end":{"line":4,"column":33}},"loc":{"start":{"line":8,"column":2},"end":{"line":23,"column":1}},"line":8}},"branchMap":{"0":{"loc":{"start":{"line":5,"column":2},"end":{"line":5,"column":16}},"type":"default-arg","locations":[{"start":{"line":5,"column":9},"end":{"line":5,"column":16}}],"line":5},"1":{"loc":{"start":{"line":6,"column":2},"end":{"line":6,"column":26}},"type":"default-arg","locations":[{"start":{"line":6,"column":10},"end":{"line":6,"column":26}}],"line":6},"2":{"loc":{"start":{"line":7,"column":2},"end":{"line":7,"column":26}},"type":"default-arg","locations":[{"start":{"line":7,"column":13},"end":{"line":7,"column":26}}],"line":7}},"s":{"0":4,"1":4,"2":35,"3":35,"4":35,"5":35,"6":4},"f":{"0":35},"b":{"0":[25],"1":[25],"2":[35]},"_coverageSchema":"1a1c01bbd47fc00a2c39e90264f33305004495a9","hash":"235e3416154674634b487ad0a2625e62b522001f"}
,"C:\\Users\\user\\OneDrive\\Desktop\\Api-Shield\\backend\\tests\\helpers\\service.js": {"path":"C:\\Users\\user\\OneDrive\\Desktop\\Api-Shield\\backend\\tests\\helpers\\service.js","statementMap":{"0":{"start":{"line":1,"column":16},"end":{"line":1,"column":36}},"1":{"start":{"line":2,"column":12},"end":{"line":2,"column":36}},"2":{"start":{"line":4,"column":2},"end":{"line":10,"column":7}},"3":{"start":{"line":13,"column":0},"end":{"line":13,"column":30}}},"fnMap":{"0":{"name":"createService","decl":{"start":{"line":3,"column":15},"end":{"line":3,"column":28}},"loc":{"start":{"line":3,"column":36},"end":{"line":11,"column":1}},"line":3}},"branchMap":{},"s":{"0":4,"1":4,"2":21,"3":4},"f":{"0":21},"b":{},"_coverageSchema":"1a1c01bbd47fc00a2c39e90264f33305004495a9","hash":"1e71380e31821ecc6415ab7606103a4c8d5a0bcd"}
,"C:\\Users\\user\\OneDrive\\Desktop\\Api-Shield\\backend\\tests\\helpers\\setupGateway.js": {"path":"C:\\Users\\user\\OneDrive\\Desktop\\Api-Shield\\backend\\tests\\helpers\\setupGateway.js","statementMap":{"0":{"start":{"line":1,"column":29},"end":{"line":1,"column":46}},"1":{"start":{"line":2,"column":24},"end":{"line":2,"column":44}},"2":{"start":{"line":3,"column":23},"end":{"line":3,"column":42}},"3":{"start":{"line":6,"column":16},"end":{"line":6,"column":42}},"4":{"start":{"line":8,"column":18},"end":{"line":8,"column":44}},"5":{"start":{"line":10,"column":17},"end":{"line":10,"column":60}},"6":{"start":{"line":12,"column":2},"end":{"line":16,"column":4}},"7":{"start":{"line":19,"column":0},"end":{"line":19,"column":30}}},"fnMap":{"0":{"name":"setupGateway","decl":{"start":{"line":5,"column":15},"end":{"line":5,"column":27}},"loc":{"start":{"line":5,"column":30},"end":{"line":17,"column":1}},"line":5}},"branchMap":{},"s":{"0":1,"1":1,"2":1,"3":1,"4":1,"5":1,"6":1,"7":1},"f":{"0":1},"b":{},"_coverageSchema":"1a1c01bbd47fc00a2c39e90264f33305004495a9","hash":"db279d430575b9eb70c755920692645c0406ff30"}
,"C:\\Users\\user\\OneDrive\\Desktop\\Api-Shield\\backend\\utils\\asyncHandler.js": {"path":"C:\\Users\\user\\OneDrive\\Desktop\\Api-Shield\\backend\\utils\\asyncHandler.js","statementMap":{"0":{"start":{"line":1,"column":21},"end":{"line":5,"column":1}},"1":{"start":{"line":2,"column":2},"end":{"line":4,"column":4}},"2":{"start":{"line":3,"column":4},"end":{"line":3,"column":52}},"3":{"start":{"line":7,"column":0},"end":{"line":7,"column":30}}},"fnMap":{"0":{"name":"(anonymous_0)","decl":{"start":{"line":1,"column":21},"end":{"line":1,"column":22}},"loc":{"start":{"line":1,"column":29},"end":{"line":5,"column":1}},"line":1},"1":{"name":"(anonymous_1)","decl":{"start":{"line":2,"column":9},"end":{"line":2,"column":10}},"loc":{"start":{"line":2,"column":29},"end":{"line":4,"column":3}},"line":2}},"branchMap":{},"s":{"0":5,"1":110,"2":136,"3":5},"f":{"0":110,"1":136},"b":{},"_coverageSchema":"1a1c01bbd47fc00a2c39e90264f33305004495a9","hash":"cb95357a98cee0033fcfee7fd1831ae1e11e0c12"}
,"C:\\Users\\user\\OneDrive\\Desktop\\Api-Shield\\backend\\utils\\validateServiceUrl.js": {"path":"C:\\Users\\user\\OneDrive\\Desktop\\Api-Shield\\backend\\utils\\validateServiceUrl.js","statementMap":{"0":{"start":{"line":1,"column":12},"end":{"line":1,"column":26}},"1":{"start":{"line":3,"column":16},"end":{"line":3,"column":41}},"2":{"start":{"line":5,"column":2},"end":{"line":5,"column":35}},"3":{"start":{"line":5,"column":23},"end":{"line":5,"column":35}},"4":{"start":{"line":8,"column":2},"end":{"line":8,"column":72}},"5":{"start":{"line":8,"column":60},"end":{"line":8,"column":72}},"6":{"start":{"line":11,"column":2},"end":{"line":11,"column":56}},"7":{"start":{"line":11,"column":44},"end":{"line":11,"column":56}},"8":{"start":{"line":14,"column":2},"end":{"line":14,"column":56}},"9":{"start":{"line":14,"column":44},"end":{"line":14,"column":56}},"10":{"start":{"line":15,"column":2},"end":{"line":15,"column":15}},"11":{"start":{"line":19,"column":2},"end":{"line":26,"column":3}},"12":{"start":{"line":20,"column":4},"end":{"line":20,"column":29}},"13":{"start":{"line":22,"column":4},"end":{"line":25,"column":6}},"14":{"start":{"line":27,"column":2},"end":{"line":32,"column":3}},"15":{"start":{"line":28,"column":4},"end":{"line":31,"column":6}},"16":{"start":{"line":33,"column":19},"end":{"line":33,"column":37}},"17":{"start":{"line":34,"column":2},"end":{"line":45,"column":3}},"18":{"start":{"line":41,"column":4},"end":{"line":44,"column":6}},"19":{"start":{"line":46,"column":2},"end":{"line":51,"column":3}},"20":{"start":{"line":47,"column":4},"end":{"line":50,"column":6}},"21":{"start":{"line":53,"column":2},"end":{"line":55,"column":4}},"22":{"start":{"line":57,"column":0},"end":{"line":57,"column":36}}},"fnMap":{"0":{"name":"isPrivateIPv4","decl":{"start":{"line":2,"column":9},"end":{"line":2,"column":22}},"loc":{"start":{"line":2,"column":27},"end":{"line":16,"column":1}},"line":2},"1":{"name":"validateServiceUrl","decl":{"start":{"line":17,"column":9},"end":{"line":17,"column":27}},"loc":{"start":{"line":17,"column":33},"end":{"line":56,"column":1}},"line":17}},"branchMap":{"0":{"loc":{"start":{"line":5,"column":2},"end":{"line":5,"column":35}},"type":"if","locations":[{"start":{"line":5,"column":2},"end":{"line":5,"column":35}},{"start":{},"end":{}}],"line":5},"1":{"loc":{"start":{"line":8,"column":2},"end":{"line":8,"column":72}},"type":"if","locations":[{"start":{"line":8,"column":2},"end":{"line":8,"column":72}},{"start":{},"end":{}}],"line":8},"2":{"loc":{"start":{"line":8,"column":6},"end":{"line":8,"column":58}},"type":"binary-expr","locations":[{"start":{"line":8,"column":6},"end":{"line":8,"column":22}},{"start":{"line":8,"column":26},"end":{"line":8,"column":40}},{"start":{"line":8,"column":44},"end":{"line":8,"column":58}}],"line":8},"3":{"loc":{"start":{"line":11,"column":2},"end":{"line":11,"column":56}},"type":"if","locations":[{"start":{"line":11,"column":2},"end":{"line":11,"column":56}},{"start":{},"end":{}}],"line":11},"4":{"loc":{"start":{"line":11,"column":6},"end":{"line":11,"column":42}},"type":"binary-expr","locations":[{"start":{"line":11,"column":6},"end":{"line":11,"column":22}},{"start":{"line":11,"column":26},"end":{"line":11,"column":42}}],"line":11},"5":{"loc":{"start":{"line":14,"column":2},"end":{"line":14,"column":56}},"type":"if","locations":[{"start":{"line":14,"column":2},"end":{"line":14,"column":56}},{"start":{},"end":{}}],"line":14},"6":{"loc":{"start":{"line":14,"column":6},"end":{"line":14,"column":42}},"type":"binary-expr","locations":[{"start":{"line":14,"column":6},"end":{"line":14,"column":22}},{"start":{"line":14,"column":26},"end":{"line":14,"column":42}}],"line":14},"7":{"loc":{"start":{"line":27,"column":2},"end":{"line":32,"column":3}},"type":"if","locations":[{"start":{"line":27,"column":2},"end":{"line":32,"column":3}},{"start":{},"end":{}}],"line":27},"8":{"loc":{"start":{"line":34,"column":2},"end":{"line":45,"column":3}},"type":"if","locations":[{"start":{"line":34,"column":2},"end":{"line":45,"column":3}},{"start":{},"end":{}}],"line":34},"9":{"loc":{"start":{"line":35,"column":4},"end":{"line":39,"column":22}},"type":"binary-expr","locations":[{"start":{"line":35,"column":4},"end":{"line":35,"column":28}},{"start":{"line":37,"column":4},"end":{"line":37,"column":28}},{"start":{"line":39,"column":4},"end":{"line":39,"column":22}}],"line":35},"10":{"loc":{"start":{"line":46,"column":2},"end":{"line":51,"column":3}},"type":"if","locations":[{"start":{"line":46,"column":2},"end":{"line":51,"column":3}},{"start":{},"end":{}}],"line":46},"11":{"loc":{"start":{"line":46,"column":6},"end":{"line":46,"column":57}},"type":"binary-expr","locations":[{"start":{"line":46,"column":6},"end":{"line":46,"column":30}},{"start":{"line":46,"column":34},"end":{"line":46,"column":57}}],"line":46}},"s":{"0":5,"1":0,"2":0,"3":0,"4":0,"5":0,"6":0,"7":0,"8":0,"9":0,"10":0,"11":27,"12":27,"13":0,"14":27,"15":0,"16":27,"17":27,"18":0,"19":27,"20":0,"21":27,"22":5},"f":{"0":0,"1":27},"b":{"0":[0,0],"1":[0,0],"2":[0,0,0],"3":[0,0],"4":[0,0],"5":[0,0],"6":[0,0],"7":[0,27],"8":[0,27],"9":[27,27,27],"10":[0,27],"11":[27,0]},"_coverageSchema":"1a1c01bbd47fc00a2c39e90264f33305004495a9","hash":"86dbda6ed895de75e20d15d5f8423490c1c2ac98"}
}
