TN:
SF:src\app.js
FN:27,(anonymous_0)
FNF:1
FNH:1
FNDA:1,(anonymous_0)
DA:1,5
DA:2,5
DA:3,5
DA:5,5
DA:7,5
DA:8,5
DA:9,5
DA:10,5
DA:11,5
DA:13,5
DA:14,5
DA:16,5
DA:18,5
DA:27,5
DA:28,1
DA:34,5
DA:35,5
DA:36,5
DA:37,5
DA:38,5
DA:40,5
DA:42,5
LF:22
LH:22
BRF:0
BRH:0
end_of_record
TN:
SF:src\config\redis.js
FN:6,(anonymous_0)
FNF:1
FNH:0
FNDA:0,(anonymous_0)
DA:1,4
DA:2,4
DA:6,4
DA:7,0
DA:10,4
LF:5
LH:4
BRF:0
BRH:0
end_of_record
TN:
SF:src\controllers\apiKey.js
FN:3,createApiKey
FN:23,getMyApiKeys
FN:27,deleteApiKey
FNF:3
FNH:3
FNDA:7,createApiKey
FNDA:1,getMyApiKeys
FNDA:3,deleteApiKey
DA:1,5
DA:2,5
DA:4,7
DA:5,7
DA:6,7
DA:7,7
DA:8,1
DA:9,1
DA:10,1
DA:12,6
DA:13,1
DA:14,1
DA:15,1
DA:17,5
DA:21,5
DA:24,1
DA:25,1
DA:28,3
DA:29,3
DA:30,3
DA:31,3
DA:32,1
DA:33,1
DA:34,1
DA:36,2
DA:37,1
DA:38,1
DA:39,1
DA:41,1
DA:42,1
DA:45,5
LF:31
LH:31
BRDA:7,0,0,1
BRDA:7,0,1,6
BRDA:12,1,0,1
BRDA:12,1,1,5
BRDA:31,2,0,1
BRDA:31,2,1,2
BRDA:36,3,0,1
BRDA:36,3,1,1
BRF:8
BRH:8
end_of_record
TN:
SF:src\controllers\auth.js
FN:4,signupUser
FN:22,loginUser
FN:41,logoutUser
FN:46,getCurrentUser
FNF:4
FNH:3
FNDA:41,signupUser
FNDA:39,loginUser
FNDA:0,logoutUser
FNDA:1,getCurrentUser
DA:1,5
DA:2,5
DA:5,41
DA:6,41
DA:7,41
DA:8,1
DA:9,1
DA:10,1
DA:12,40
DA:17,40
DA:18,40
DA:23,39
DA:24,39
DA:25,39
DA:26,1
DA:27,1
DA:28,1
DA:30,38
DA:31,38
DA:32,1
DA:33,1
DA:34,1
DA:36,37
DA:37,37
DA:42,0
DA:47,1
DA:50,5
LF:27
LH:26
BRDA:7,0,0,1
BRDA:7,0,1,40
BRDA:25,1,0,1
BRDA:25,1,1,38
BRDA:31,2,0,1
BRDA:31,2,1,37
BRF:6
BRH:6
end_of_record
TN:
SF:src\controllers\gateway.js
FN:5,forwardRequest
FN:16,(anonymous_1)
FN:19,handleRequest
FN:34,(anonymous_3)
FN:80,(anonymous_4)
FNF:5
FNH:3
FNDA:1,forwardRequest
FNDA:0,(anonymous_1)
FNDA:1,handleRequest
FNDA:2,(anonymous_3)
FNDA:0,(anonymous_4)
DA:1,5
DA:2,5
DA:3,5
DA:4,5
DA:6,1
DA:16,0
DA:20,1
DA:21,1
DA:22,1
DA:23,1
DA:24,0
DA:25,0
DA:26,0
DA:28,1
DA:29,0
DA:30,0
DA:31,0
DA:33,1
DA:34,2
DA:36,1
DA:37,0
DA:38,0
DA:39,0
DA:41,1
DA:42,1
DA:43,1
DA:44,1
DA:45,1
DA:46,1
DA:47,1
DA:48,1
DA:49,1
DA:50,1
DA:51,1
DA:52,1
DA:53,1
DA:54,1
DA:55,1
DA:61,1
DA:62,1
DA:71,1
DA:73,0
DA:74,0
DA:75,0
DA:76,0
DA:78,0
DA:79,0
DA:81,0
DA:83,0
DA:84,0
DA:85,0
DA:86,0
DA:88,0
DA:89,0
DA:90,0
DA:96,0
DA:97,0
DA:106,0
DA:108,0
DA:109,0
DA:110,0
DA:111,0
DA:113,0
DA:114,0
DA:123,0
DA:124,0
DA:128,0
DA:129,0
DA:130,0
DA:133,0
DA:136,5
LF:71
LH:32
BRDA:23,0,0,0
BRDA:23,0,1,1
BRDA:28,1,0,0
BRDA:28,1,1,1
BRDA:36,2,0,0
BRDA:36,2,1,1
BRDA:42,3,0,1
BRDA:42,3,1,0
BRDA:46,4,0,0
BRDA:46,4,1,1
BRDA:73,5,0,0
BRDA:73,5,1,0
BRDA:83,6,0,0
BRDA:83,6,1,0
BRDA:108,7,0,0
BRDA:108,7,1,0
BRDA:118,8,0,0
BRDA:118,8,1,0
BRDA:123,9,0,0
BRDA:123,9,1,0
BRF:20
BRH:5
end_of_record
TN:
SF:src\controllers\requestLog.js
FN:3,getRequestLogsById
FN:21,getSummaryOfRequestLog
FN:105,(anonymous_2)
FNF:3
FNH:3
FNDA:1,getRequestLogsById
FNDA:2,getSummaryOfRequestLog
FNDA:2,(anonymous_2)
DA:1,5
DA:2,5
DA:4,1
DA:5,1
DA:6,0
DA:7,0
DA:8,0
DA:10,1
DA:11,0
DA:12,0
DA:13,0
DA:15,1
DA:18,1
DA:22,2
DA:23,2
DA:24,0
DA:25,0
DA:26,0
DA:28,2
DA:29,0
DA:30,0
DA:31,0
DA:33,2
DA:34,2
DA:70,2
DA:105,2
DA:112,2
DA:113,1
DA:121,1
DA:122,1
DA:123,1
DA:132,5
LF:32
LH:20
BRDA:5,0,0,0
BRDA:5,0,1,1
BRDA:10,1,0,0
BRDA:10,1,1,1
BRDA:23,2,0,0
BRDA:23,2,1,2
BRDA:28,3,0,0
BRDA:28,3,1,2
BRDA:112,4,0,1
BRDA:112,4,1,1
BRF:10
BRH:6
end_of_record
TN:
SF:src\controllers\service.js
FN:5,createService
FN:35,getAllServices
FN:39,getServiceById
FN:54,deleteService
FN:76,getMyServices
FN:81,checkHealthById
FN:101,(anonymous_6)
FN:120,rotateGatewaySecret
FN:142,getGatewaySecret
FN:159,addInstance
FN:190,(anonymous_10)
FN:209,getInstances
FN:224,deleteInstance
FNF:13
FNH:10
FNDA:24,createService
FNDA:0,getAllServices
FNDA:3,getServiceById
FNDA:2,deleteService
FNDA:1,getMyServices
FNDA:0,checkHealthById
FNDA:0,(anonymous_6)
FNDA:1,rotateGatewaySecret
FNDA:1,getGatewaySecret
FNDA:5,addInstance
FNDA:6,(anonymous_10)
FNDA:2,getInstances
FNDA:1,deleteInstance
DA:1,5
DA:2,5
DA:3,5
DA:4,5
DA:6,24
DA:7,24
DA:8,2
DA:9,2
DA:10,2
DA:12,22
DA:13,22
DA:14,0
DA:15,0
DA:16,0
DA:18,22
DA:19,22
DA:29,22
DA:36,0
DA:37,0
DA:40,3
DA:41,3
DA:42,0
DA:43,0
DA:44,0
DA:46,3
DA:47,2
DA:48,1
DA:49,1
DA:50,1
DA:52,1
DA:55,2
DA:56,2
DA:57,2
DA:58,0
DA:59,0
DA:60,0
DA:62,2
DA:63,2
DA:64,0
DA:65,0
DA:66,0
DA:68,2
DA:69,1
DA:70,1
DA:71,1
DA:73,1
DA:74,1
DA:77,1
DA:78,1
DA:79,1
DA:82,0
DA:83,0
DA:84,0
DA:85,0
DA:86,0
DA:87,0
DA:89,0
DA:90,0
DA:91,0
DA:92,0
DA:93,0
DA:95,0
DA:96,0
DA:97,0
DA:98,0
DA:99,0
DA:101,0
DA:103,0
DA:105,0
DA:107,0
DA:108,0
DA:114,0
DA:115,0
DA:121,1
DA:122,1
DA:123,1
DA:124,1
DA:125,0
DA:126,0
DA:127,0
DA:129,1
DA:130,0
DA:131,0
DA:132,0
DA:134,1
DA:135,1
DA:136,1
DA:143,1
DA:144,1
DA:145,1
DA:146,0
DA:147,0
DA:148,0
DA:150,1
DA:151,0
DA:152,0
DA:153,0
DA:155,1
DA:160,5
DA:161,5
DA:163,5
DA:164,0
DA:165,0
DA:166,0
DA:169,5
DA:171,5
DA:172,0
DA:173,0
DA:174,0
DA:177,5
DA:179,5
DA:180,0
DA:181,0
DA:182,0
DA:185,5
DA:186,0
DA:187,0
DA:188,0
DA:190,5
DA:191,6
DA:193,5
DA:194,1
DA:195,1
DA:196,1
DA:198,4
DA:202,4
DA:204,4
DA:210,2
DA:211,2
DA:212,2
DA:213,0
DA:214,0
DA:215,0
DA:217,2
DA:218,0
DA:219,0
DA:220,0
DA:222,2
DA:225,1
DA:226,1
DA:227,1
DA:228,0
DA:229,0
DA:230,0
DA:232,1
DA:233,0
DA:234,0
DA:235,0
DA:237,1
DA:238,1
DA:239,0
DA:240,0
DA:241,0
DA:243,1
DA:244,1
DA:245,1
DA:249,5
LF:157
LH:81
BRDA:7,0,0,2
BRDA:7,0,1,22
BRDA:7,1,0,24
BRDA:7,1,1,23
BRDA:13,2,0,0
BRDA:13,2,1,22
BRDA:41,3,0,0
BRDA:41,3,1,3
BRDA:47,4,0,1
BRDA:47,4,1,1
BRDA:57,5,0,0
BRDA:57,5,1,2
BRDA:63,6,0,0
BRDA:63,6,1,2
BRDA:68,7,0,1
BRDA:68,7,1,1
BRDA:84,8,0,0
BRDA:84,8,1,0
BRDA:90,9,0,0
BRDA:90,9,1,0
BRDA:124,10,0,0
BRDA:124,10,1,1
BRDA:129,11,0,0
BRDA:129,11,1,1
BRDA:145,12,0,0
BRDA:145,12,1,1
BRDA:150,13,0,0
BRDA:150,13,1,1
BRDA:163,14,0,0
BRDA:163,14,1,5
BRDA:171,15,0,0
BRDA:171,15,1,5
BRDA:179,16,0,0
BRDA:179,16,1,5
BRDA:185,17,0,0
BRDA:185,17,1,5
BRDA:193,18,0,1
BRDA:193,18,1,4
BRDA:212,19,0,0
BRDA:212,19,1,2
BRDA:217,20,0,0
BRDA:217,20,1,2
BRDA:227,21,0,0
BRDA:227,21,1,1
BRDA:232,22,0,0
BRDA:232,22,1,1
BRDA:238,23,0,0
BRDA:238,23,1,1
BRF:48
BRH:27
end_of_record
TN:
SF:src\middlewares\auth.js
FN:3,checkForAuthentication
FN:20,restrictTo
FN:21,(anonymous_2)
FNF:3
FNH:2
FNDA:60,checkForAuthentication
FNDA:5,restrictTo
FNDA:0,(anonymous_2)
DA:1,5
DA:4,60
DA:5,60
DA:6,0
DA:10,60
DA:11,60
DA:12,60
DA:13,1
DA:17,59
DA:18,59
DA:21,5
DA:22,0
DA:23,0
DA:27,0
DA:28,0
DA:31,5
LF:16
LH:11
BRDA:5,0,0,0
BRDA:5,0,1,60
BRDA:10,1,0,60
BRDA:10,1,1,0
BRDA:12,2,0,1
BRDA:12,2,1,59
BRDA:22,3,0,0
BRDA:22,3,1,0
BRDA:27,4,0,0
BRDA:27,4,1,0
BRF:10
BRH:4
end_of_record
TN:
SF:src\middlewares\errorHandler.js
FN:1,errorHandler
FNF:1
FNH:1
FNDA:14,errorHandler
DA:2,14
DA:3,14
DA:4,2
DA:8,12
DA:13,5
LF:5
LH:5
BRDA:2,0,0,14
BRDA:2,0,1,2
BRDA:3,1,0,2
BRDA:3,1,1,12
BRDA:10,2,0,12
BRDA:10,2,1,0
BRF:6
BRH:5
end_of_record
TN:
SF:src\middlewares\rateLimiter.js
FN:3,rateLimiter
FNF:1
FNH:1
FNDA:1,rateLimiter
DA:1,5
DA:2,5
DA:4,1
DA:5,1
DA:6,1
DA:7,0
DA:8,0
DA:10,1
DA:11,1
DA:12,0
DA:16,1
DA:18,1
DA:21,5
LF:13
LH:10
BRDA:6,0,0,0
BRDA:6,0,1,1
BRDA:11,1,0,0
BRDA:11,1,1,1
BRF:4
BRH:2
end_of_record
TN:
SF:src\middlewares\validateApiKey.js
FN:3,validateApiKey
FNF:1
FNH:1
FNDA:1,validateApiKey
DA:1,5
DA:4,1
DA:5,1
DA:6,0
DA:9,1
DA:10,1
DA:11,0
DA:14,1
DA:15,1
DA:18,5
LF:10
LH:8
BRDA:5,0,0,0
BRDA:5,0,1,1
BRDA:10,1,0,0
BRDA:10,1,1,1
BRF:4
BRH:2
end_of_record
TN:
SF:src\middlewares\verifyServiceOwnership.js
FN:2,verifyServiceOwnership
FNF:1
FNH:1
FNDA:7,verifyServiceOwnership
DA:1,5
DA:3,7
DA:4,7
DA:5,6
DA:6,1
DA:11,5
DA:12,2
DA:16,3
DA:18,5
LF:9
LH:9
BRDA:5,0,0,1
BRDA:5,0,1,5
BRDA:11,1,0,2
BRDA:11,1,1,3
BRF:4
BRH:4
end_of_record
TN:
SF:src\models\apiKey.js
FN:24,(anonymous_0)
FNF:1
FNH:1
FNDA:5,(anonymous_0)
DA:1,5
DA:2,5
DA:3,5
DA:24,5
DA:25,5
DA:26,5
DA:27,5
DA:30,5
DA:31,5
LF:9
LH:9
BRDA:25,0,0,0
BRDA:25,0,1,5
BRF:2
BRH:1
end_of_record
TN:
SF:src\models\requestLog.js
FNF:0
FNH:0
DA:1,5
DA:3,5
DA:25,5
DA:26,5
LF:4
LH:4
BRF:0
BRH:0
end_of_record
TN:
SF:src\models\service.js
FN:52,(anonymous_0)
FN:56,(anonymous_1)
FNF:2
FNH:2
FNDA:28,(anonymous_0)
FNDA:28,(anonymous_1)
DA:1,5
DA:2,5
DA:3,5
DA:4,5
DA:52,5
DA:53,28
DA:54,22
DA:56,5
DA:57,28
DA:58,22
DA:64,22
DA:66,5
DA:67,5
LF:13
LH:13
BRDA:53,0,0,6
BRDA:53,0,1,22
BRDA:57,1,0,6
BRDA:57,1,1,22
BRF:4
BRH:4
end_of_record
TN:
SF:src\models\users.js
FN:23,(anonymous_0)
FN:29,(anonymous_1)
FNF:2
FNH:2
FNDA:40,(anonymous_0)
FNDA:38,(anonymous_1)
DA:1,5
DA:2,5
DA:3,5
DA:23,5
DA:24,40
DA:25,40
DA:26,40
DA:27,40
DA:29,5
DA:30,38
DA:32,5
DA:33,5
LF:12
LH:12
BRDA:24,0,0,0
BRDA:24,0,1,40
BRF:2
BRH:1
end_of_record
TN:
SF:src\routers\apiKey.js
FNF:0
FNH:0
DA:1,5
DA:6,5
DA:7,5
DA:9,5
DA:11,5
DA:12,5
DA:13,5
DA:15,5
LF:8
LH:8
BRF:0
BRH:0
end_of_record
TN:
SF:src\routers\auth.js
FNF:0
FNH:0
DA:1,5
DA:2,5
DA:8,5
DA:9,5
DA:11,5
DA:13,5
DA:14,5
DA:15,5
DA:16,5
DA:18,5
LF:10
LH:10
BRF:0
BRH:0
end_of_record
TN:
SF:src\routers\gateway.js
FNF:0
FNH:0
DA:1,5
DA:2,5
DA:3,5
DA:4,5
DA:5,5
DA:6,5
DA:8,5
DA:9,5
DA:11,5
LF:9
LH:9
BRF:0
BRH:0
end_of_record
TN:
SF:src\routers\requestLog.js
FNF:0
FNH:0
DA:1,5
DA:2,5
DA:3,5
DA:4,5
DA:5,5
DA:7,5
DA:8,5
DA:10,5
LF:8
LH:8
BRF:0
BRH:0
end_of_record
TN:
SF:src\routers\service.js
FNF:0
FNH:0
DA:1,5
DA:2,5
DA:15,5
DA:16,5
DA:17,5
DA:18,5
DA:19,5
DA:20,5
DA:21,5
DA:22,5
DA:23,5
DA:24,5
DA:25,5
DA:26,5
DA:27,5
DA:28,5
DA:29,5
LF:17
LH:17
BRF:0
BRH:0
end_of_record
TN:
SF:src\service\auth.js
FN:3,setUser
FN:10,getUser
FNF:2
FNH:2
FNDA:77,setUser
FNDA:60,getUser
DA:1,5
DA:2,5
DA:4,77
DA:11,60
DA:12,60
DA:13,60
DA:15,1
DA:18,5
LF:8
LH:8
BRDA:11,0,0,0
BRDA:11,0,1,60
BRF:2
BRH:1
end_of_record
TN:
SF:tests\helpers\apiKey.js
FN:4,createApiKey
FNF:1
FNH:1
FNDA:1,createApiKey
DA:1,1
DA:2,1
DA:5,1
DA:9,1
DA:12,1
LF:5
LH:5
BRF:0
BRH:0
end_of_record
TN:
SF:tests\helpers\auth.js
FN:4,createUserAndLogin
FNF:1
FNH:1
FNDA:35,createUserAndLogin
DA:1,4
DA:2,4
DA:9,35
DA:15,35
DA:17,35
DA:22,35
DA:25,4
LF:7
LH:7
BRDA:5,0,0,25
BRDA:6,1,0,25
BRDA:7,2,0,35
BRF:3
BRH:3
end_of_record
TN:
SF:tests\helpers\service.js
FN:3,createService
FNF:1
FNH:1
FNDA:21,createService
DA:1,4
DA:2,4
DA:4,21
DA:13,4
LF:4
LH:4
BRF:0
BRH:0
end_of_record
TN:
SF:tests\helpers\setupGateway.js
FN:5,setupGateway
FNF:1
FNH:1
FNDA:1,setupGateway
DA:1,1
DA:2,1
DA:3,1
DA:6,1
DA:8,1
DA:10,1
DA:12,1
DA:19,1
LF:8
LH:8
BRF:0
BRH:0
end_of_record
TN:
SF:utils\asyncHandler.js
FN:1,(anonymous_0)
FN:2,(anonymous_1)
FNF:2
FNH:2
FNDA:110,(anonymous_0)
FNDA:136,(anonymous_1)
DA:1,5
DA:2,110
DA:3,136
DA:7,5
LF:4
LH:4
BRF:0
BRH:0
end_of_record
TN:
SF:utils\validateServiceUrl.js
FN:2,isPrivateIPv4
FN:17,validateServiceUrl
FNF:2
FNH:1
FNDA:0,isPrivateIPv4
FNDA:27,validateServiceUrl
DA:1,5
DA:3,0
DA:5,0
DA:8,0
DA:11,0
DA:14,0
DA:15,0
DA:19,27
DA:20,27
DA:22,0
DA:27,27
DA:28,0
DA:33,27
DA:34,27
DA:41,0
DA:46,27
DA:47,0
DA:53,27
DA:57,5
LF:19
LH:9
BRDA:5,0,0,0
BRDA:5,0,1,0
BRDA:8,1,0,0
BRDA:8,1,1,0
BRDA:8,2,0,0
BRDA:8,2,1,0
BRDA:8,2,2,0
BRDA:11,3,0,0
BRDA:11,3,1,0
BRDA:11,4,0,0
BRDA:11,4,1,0
BRDA:14,5,0,0
BRDA:14,5,1,0
BRDA:14,6,0,0
BRDA:14,6,1,0
BRDA:27,7,0,0
BRDA:27,7,1,27
BRDA:34,8,0,0
BRDA:34,8,1,27
BRDA:35,9,0,27
BRDA:35,9,1,27
BRDA:35,9,2,27
BRDA:46,10,0,0
BRDA:46,10,1,27
BRDA:46,11,0,27
BRDA:46,11,1,0
BRF:26
BRH:7
end_of_record
